2025-05-15 11:01:02,510 - INFO - Data Ingestion started for https://tap30-demand.s3.ir-thr-at1.arvanstorage.ir/tap30_demand_prediction.txt
2025-05-15 11:01:04,652 - INFO - Data format: 732 periods, 8x8 grid
2025-05-15 11:01:04,691 - INFO - Saved train data with 26930 records to artifacts\raw\train.csv
2025-05-15 11:01:04,694 - INFO - Saved validation data with 2993 records to artifacts\raw\validation.csv
2025-05-15 11:01:04,707 - INFO - Saved test data with 16925 records to artifacts\raw\test.csv
2025-05-15 11:01:04,707 - INFO - Split summary:
2025-05-15 11:01:04,708 - INFO - Train set: 26930 records
2025-05-15 11:01:04,711 - INFO - Validation set: 2993 records
2025-05-15 11:01:04,711 - INFO - Test set (demand=-1): 16925 records
2025-05-15 11:01:04,711 - INFO - Data Ingestion completed successfully
2025-05-15 11:01:04,714 - INFO - Data Processing started
2025-05-15 11:01:04,828 - INFO - Saved processed files to artifacts\processed
2025-05-15 11:01:04,829 - INFO - Data Processing completed successfully
2025-05-15 12:06:04,386 - INFO - Data Ingestion started for https://tap30-demand.s3.ir-thr-at1.arvanstorage.ir/tap30_demand_prediction.txt
2025-05-15 12:06:06,414 - INFO - Data format: 732 periods, 8x8 grid
2025-05-15 12:06:06,522 - INFO - Saved train data with 26930 records to artifacts\raw\train.csv
2025-05-15 12:06:06,527 - INFO - Saved validation data with 2993 records to artifacts\raw\validation.csv
2025-05-15 12:06:06,553 - INFO - Saved test data with 16925 records to artifacts\raw\test.csv
2025-05-15 12:06:06,553 - INFO - Split summary:
2025-05-15 12:06:06,553 - INFO - Train set: 26930 records
2025-05-15 12:06:06,553 - INFO - Validation set: 2993 records
2025-05-15 12:06:06,553 - INFO - Test set (demand=-1): 16925 records
2025-05-15 12:06:06,553 - INFO - Data Ingestion completed successfully
2025-05-15 12:06:06,558 - INFO - Data Processing started
2025-05-15 12:06:06,752 - INFO - Saved processed files to artifacts\processed
2025-05-15 12:06:06,752 - INFO - Data Processing completed successfully
2025-05-15 12:06:06,753 - INFO - Training the model
2025-05-15 12:06:06,753 - INFO - Random seeds set to 42 for all libraries
2025-05-15 12:07:53,562 - INFO - Data Ingestion started for https://tap30-demand.s3.ir-thr-at1.arvanstorage.ir/tap30_demand_prediction.txt
2025-05-15 12:07:55,485 - INFO - Data format: 732 periods, 8x8 grid
2025-05-15 12:07:55,555 - INFO - Saved train data with 26930 records to artifacts\raw\train.csv
2025-05-15 12:07:55,559 - INFO - Saved validation data with 2993 records to artifacts\raw\validation.csv
2025-05-15 12:07:55,572 - INFO - Saved test data with 16925 records to artifacts\raw\test.csv
2025-05-15 12:07:55,572 - INFO - Split summary:
2025-05-15 12:07:55,572 - INFO - Train set: 26930 records
2025-05-15 12:07:55,572 - INFO - Validation set: 2993 records
2025-05-15 12:07:55,572 - INFO - Test set (demand=-1): 16925 records
2025-05-15 12:07:55,572 - INFO - Data Ingestion completed successfully
2025-05-15 12:07:55,576 - INFO - Data Processing started
2025-05-15 12:07:55,710 - INFO - Saved processed files to artifacts\processed
2025-05-15 12:07:55,710 - INFO - Data Processing completed successfully
2025-05-15 12:07:55,711 - INFO - Training the model
2025-05-15 12:07:55,711 - INFO - Random seeds set to 42 for all libraries
2025-05-15 12:09:53,497 - INFO - Data Ingestion started for https://tap30-demand.s3.ir-thr-at1.arvanstorage.ir/tap30_demand_prediction.txt
2025-05-15 12:09:55,426 - INFO - Data format: 732 periods, 8x8 grid
2025-05-15 12:09:55,498 - INFO - Saved train data with 26930 records to artifacts\raw\train.csv
2025-05-15 12:09:55,502 - INFO - Saved validation data with 2993 records to artifacts\raw\validation.csv
2025-05-15 12:09:55,515 - INFO - Saved test data with 16925 records to artifacts\raw\test.csv
2025-05-15 12:09:55,515 - INFO - Split summary:
2025-05-15 12:09:55,515 - INFO - Train set: 26930 records
2025-05-15 12:09:55,515 - INFO - Validation set: 2993 records
2025-05-15 12:09:55,515 - INFO - Test set (demand=-1): 16925 records
2025-05-15 12:09:55,515 - INFO - Data Ingestion completed successfully
2025-05-15 12:09:55,518 - INFO - Data Processing started
2025-05-15 12:09:55,635 - INFO - Saved processed files to artifacts\processed
2025-05-15 12:09:55,636 - INFO - Data Processing completed successfully
2025-05-15 12:09:55,636 - INFO - Training the model
2025-05-15 12:09:55,636 - INFO - Random seeds set to 42 for all libraries
2025-05-15 12:10:13,528 - INFO - Data Ingestion started for https://tap30-demand.s3.ir-thr-at1.arvanstorage.ir/tap30_demand_prediction.txt
2025-05-15 12:10:16,764 - INFO - Data format: 732 periods, 8x8 grid
2025-05-15 12:10:16,836 - INFO - Saved train data with 26930 records to artifacts\raw\train.csv
2025-05-15 12:10:16,840 - INFO - Saved validation data with 2993 records to artifacts\raw\validation.csv
2025-05-15 12:10:16,856 - INFO - Saved test data with 16925 records to artifacts\raw\test.csv
2025-05-15 12:10:16,856 - INFO - Split summary:
2025-05-15 12:10:16,856 - INFO - Train set: 26930 records
2025-05-15 12:10:16,856 - INFO - Validation set: 2993 records
2025-05-15 12:10:16,856 - INFO - Test set (demand=-1): 16925 records
2025-05-15 12:10:16,856 - INFO - Data Ingestion completed successfully
2025-05-15 12:10:16,859 - INFO - Data Processing started
2025-05-15 12:10:16,965 - INFO - Saved processed files to artifacts\processed
2025-05-15 12:10:16,965 - INFO - Data Processing completed successfully
2025-05-15 12:10:16,966 - INFO - Training the model
2025-05-15 12:10:16,966 - INFO - Random seeds set to 42 for all libraries
2025-05-15 12:12:54,137 - INFO - Data Ingestion started for https://tap30-demand.s3.ir-thr-at1.arvanstorage.ir/tap30_demand_prediction.txt
2025-05-15 12:12:56,404 - INFO - Data format: 732 periods, 8x8 grid
2025-05-15 12:12:56,482 - INFO - Saved train data with 26930 records to artifacts\raw\train.csv
2025-05-15 12:12:56,485 - INFO - Saved validation data with 2993 records to artifacts\raw\validation.csv
2025-05-15 12:12:56,499 - INFO - Saved test data with 16925 records to artifacts\raw\test.csv
2025-05-15 12:12:56,499 - INFO - Split summary:
2025-05-15 12:12:56,499 - INFO - Train set: 26930 records
2025-05-15 12:12:56,499 - INFO - Validation set: 2993 records
2025-05-15 12:12:56,499 - INFO - Test set (demand=-1): 16925 records
2025-05-15 12:12:56,499 - INFO - Data Ingestion completed successfully
2025-05-15 12:12:56,502 - INFO - Data Processing started
2025-05-15 12:12:56,654 - INFO - Saved processed files to artifacts\processed
2025-05-15 12:12:56,654 - INFO - Data Processing completed successfully
2025-05-15 12:12:56,655 - INFO - Training the model
2025-05-15 12:12:56,655 - INFO - Random seeds set to 42 for all libraries
2025-05-15 12:13:01,889 - INFO - Out-Of-Bag Score: 74.1910007215135
2025-05-15 12:13:01,889 - INFO - RMSE: 62.51536304225315
2025-05-15 12:13:01,890 - INFO - Model training completed
2025-05-15 12:13:18,592 - INFO - Data Ingestion started for https://tap30-demand.s3.ir-thr-at1.arvanstorage.ir/tap30_demand_prediction.txt
2025-05-15 12:13:20,441 - INFO - Data format: 732 periods, 8x8 grid
2025-05-15 12:13:20,512 - INFO - Saved train data with 26930 records to artifacts\raw\train.csv
2025-05-15 12:13:20,515 - INFO - Saved validation data with 2993 records to artifacts\raw\validation.csv
2025-05-15 12:13:20,532 - INFO - Saved test data with 16925 records to artifacts\raw\test.csv
2025-05-15 12:13:20,532 - INFO - Split summary:
2025-05-15 12:13:20,532 - INFO - Train set: 26930 records
2025-05-15 12:13:20,532 - INFO - Validation set: 2993 records
2025-05-15 12:13:20,532 - INFO - Test set (demand=-1): 16925 records
2025-05-15 12:13:20,532 - INFO - Data Ingestion completed successfully
2025-05-15 12:13:20,537 - INFO - Data Processing started
2025-05-15 12:13:20,668 - INFO - Saved processed files to artifacts\processed
2025-05-15 12:13:20,669 - INFO - Data Processing completed successfully
2025-05-15 12:13:20,669 - INFO - Training the model
2025-05-15 12:13:20,670 - INFO - Random seeds set to 42 for all libraries
2025-05-15 12:13:36,110 - INFO - Out-Of-Bag Score: 73.89070781898859
2025-05-15 12:13:36,110 - INFO - RMSE: 60.52622618243878
2025-05-15 12:13:36,111 - INFO - Model training completed
2025-05-15 12:14:14,733 - INFO - Data Ingestion started for https://tap30-demand.s3.ir-thr-at1.arvanstorage.ir/tap30_demand_prediction.txt
2025-05-15 12:14:16,683 - INFO - Data format: 732 periods, 8x8 grid
2025-05-15 12:14:16,761 - INFO - Saved train data with 26930 records to artifacts\raw\train.csv
2025-05-15 12:14:16,765 - INFO - Saved validation data with 2993 records to artifacts\raw\validation.csv
2025-05-15 12:14:16,779 - INFO - Saved test data with 16925 records to artifacts\raw\test.csv
2025-05-15 12:14:16,779 - INFO - Split summary:
2025-05-15 12:14:16,779 - INFO - Train set: 26930 records
2025-05-15 12:14:16,779 - INFO - Validation set: 2993 records
2025-05-15 12:14:16,779 - INFO - Test set (demand=-1): 16925 records
2025-05-15 12:14:16,779 - INFO - Data Ingestion completed successfully
2025-05-15 12:14:16,784 - INFO - Data Processing started
2025-05-15 12:14:16,925 - INFO - Saved processed files to artifacts\processed
2025-05-15 12:14:16,926 - INFO - Data Processing completed successfully
2025-05-15 12:14:16,926 - INFO - Training the model
2025-05-15 12:14:16,926 - INFO - Random seeds set to 42 for all libraries
2025-05-15 12:14:23,922 - INFO - Out-Of-Bag Score: 73.945858533587
2025-05-15 12:14:23,922 - INFO - RMSE: 63.2138682784484
2025-05-15 12:14:23,923 - INFO - Model training completed
2025-05-15 12:23:14,300 - INFO - Data Ingestion started for https://tap30-demand.s3.ir-thr-at1.arvanstorage.ir/tap30_demand_prediction.txt
2025-05-15 12:23:16,207 - INFO - Data format: 732 periods, 8x8 grid
2025-05-15 12:23:16,278 - INFO - Saved train data with 26930 records to artifacts\raw\train.csv
2025-05-15 12:23:16,282 - INFO - Saved validation data with 2993 records to artifacts\raw\validation.csv
2025-05-15 12:23:16,296 - INFO - Saved test data with 16925 records to artifacts\raw\test.csv
2025-05-15 12:23:16,296 - INFO - Split summary:
2025-05-15 12:23:16,296 - INFO - Train set: 26930 records
2025-05-15 12:23:16,296 - INFO - Validation set: 2993 records
2025-05-15 12:23:16,296 - INFO - Test set (demand=-1): 16925 records
2025-05-15 12:23:16,296 - INFO - Data Ingestion completed successfully
2025-05-15 12:23:16,299 - INFO - Data Processing started
2025-05-15 12:23:16,414 - INFO - Saved processed files to artifacts\processed
2025-05-15 12:23:16,414 - INFO - Data Processing completed successfully
2025-05-15 12:23:16,415 - INFO - Training xgboost model
2025-05-15 12:25:54,643 - INFO - Data Ingestion started for https://tap30-demand.s3.ir-thr-at1.arvanstorage.ir/tap30_demand_prediction.txt
2025-05-15 12:25:56,744 - INFO - Data format: 732 periods, 8x8 grid
2025-05-15 12:25:56,824 - INFO - Saved train data with 26930 records to artifacts\raw\train.csv
2025-05-15 12:25:56,828 - INFO - Saved validation data with 2993 records to artifacts\raw\validation.csv
2025-05-15 12:25:56,842 - INFO - Saved test data with 16925 records to artifacts\raw\test.csv
2025-05-15 12:25:56,842 - INFO - Split summary:
2025-05-15 12:25:56,842 - INFO - Train set: 26930 records
2025-05-15 12:25:56,842 - INFO - Validation set: 2993 records
2025-05-15 12:25:56,843 - INFO - Test set (demand=-1): 16925 records
2025-05-15 12:25:56,843 - INFO - Data Ingestion completed successfully
2025-05-15 12:25:56,845 - INFO - Data Processing started
2025-05-15 12:25:56,958 - INFO - Saved processed files to artifacts\processed
2025-05-15 12:25:56,958 - INFO - Data Processing completed successfully
2025-05-15 12:25:56,959 - INFO - Training xgboost model
2025-05-15 12:25:56,959 - INFO - Random seeds set to 42 for all libraries
2025-05-15 12:25:57,006 - INFO - Building XGBoost model
2025-05-15 12:25:57,855 - INFO - RMSE: 89.72196960449219
2025-05-15 12:25:57,855 - INFO - Model training completed. Final RMSE: 89.72196960449219
2025-05-15 12:28:44,532 - INFO - Data Ingestion started for https://tap30-demand.s3.ir-thr-at1.arvanstorage.ir/tap30_demand_prediction.txt
2025-05-15 12:28:46,361 - INFO - Data format: 732 periods, 8x8 grid
2025-05-15 12:28:46,431 - INFO - Saved train data with 26930 records to artifacts\raw\train.csv
2025-05-15 12:28:46,436 - INFO - Saved validation data with 2993 records to artifacts\raw\validation.csv
2025-05-15 12:28:46,449 - INFO - Saved test data with 16925 records to artifacts\raw\test.csv
2025-05-15 12:28:46,449 - INFO - Split summary:
2025-05-15 12:28:46,449 - INFO - Train set: 26930 records
2025-05-15 12:28:46,449 - INFO - Validation set: 2993 records
2025-05-15 12:28:46,449 - INFO - Test set (demand=-1): 16925 records
2025-05-15 12:28:46,449 - INFO - Data Ingestion completed successfully
2025-05-15 12:28:46,453 - INFO - Data Processing started
2025-05-15 12:28:46,560 - INFO - Saved processed files to artifacts\processed
2025-05-15 12:28:46,561 - INFO - Data Processing completed successfully
2025-05-15 12:28:46,561 - INFO - Training random_forest model
2025-05-15 12:28:46,561 - INFO - Random seeds set to 42 for all libraries
2025-05-15 12:28:46,599 - INFO - Building RandomForest model
2025-05-15 12:28:51,799 - INFO - Out-Of-Bag Score: 73.03716367087048
2025-05-15 12:28:51,799 - INFO - RMSE: 61.972506979286344
2025-05-15 12:28:51,799 - INFO - Model training completed. Final RMSE: 61.972506979286344
2025-05-15 14:26:30,133 - INFO - Data Ingestion started for https://tap30-demand.s3.ir-thr-at1.arvanstorage.ir/tap30_demand_prediction.txt
2025-05-15 14:26:32,153 - INFO - Data format: 732 periods, 8x8 grid
2025-05-15 14:26:32,226 - INFO - Saved train data with 26930 records to artifacts\raw\train.csv
2025-05-15 14:26:32,230 - INFO - Saved validation data with 2993 records to artifacts\raw\validation.csv
2025-05-15 14:26:32,243 - INFO - Saved test data with 16925 records to artifacts\raw\test.csv
2025-05-15 14:26:32,243 - INFO - Split summary:
2025-05-15 14:26:32,243 - INFO - Train set: 26930 records
2025-05-15 14:26:32,243 - INFO - Validation set: 2993 records
2025-05-15 14:26:32,243 - INFO - Test set (demand=-1): 16925 records
2025-05-15 14:26:32,243 - INFO - Data Ingestion completed successfully
2025-05-15 14:26:32,245 - INFO - Data Processing started
2025-05-15 14:26:32,403 - INFO - Saved processed files to artifacts\processed
2025-05-15 14:26:32,403 - INFO - Data Processing completed successfully
2025-05-15 14:26:32,404 - INFO - Training xgboost model
2025-05-15 14:26:32,405 - INFO - Random seeds set to 42 for all libraries
2025-05-15 14:26:32,446 - INFO - Building XGBoost model
2025-05-15 14:26:33,405 - INFO - RMSE: 124.99591064453125
2025-05-15 14:26:33,405 - INFO - Model training completed. Final RMSE: 124.99591064453125
2025-05-15 14:28:16,621 - INFO - Data Ingestion started for https://tap30-demand.s3.ir-thr-at1.arvanstorage.ir/tap30_demand_prediction.txt
2025-05-15 14:28:18,541 - INFO - Data format: 732 periods, 8x8 grid
2025-05-15 14:28:18,621 - INFO - Saved train data with 26930 records to artifacts\raw\train.csv
2025-05-15 14:28:18,624 - INFO - Saved validation data with 2993 records to artifacts\raw\validation.csv
2025-05-15 14:28:18,637 - INFO - Saved test data with 16925 records to artifacts\raw\test.csv
2025-05-15 14:28:18,637 - INFO - Split summary:
2025-05-15 14:28:18,637 - INFO - Train set: 26930 records
2025-05-15 14:28:18,637 - INFO - Validation set: 2993 records
2025-05-15 14:28:18,637 - INFO - Test set (demand=-1): 16925 records
2025-05-15 14:28:18,637 - INFO - Data Ingestion completed successfully
2025-05-15 14:28:18,640 - INFO - Data Processing started
2025-05-15 14:28:18,752 - INFO - Saved processed files to artifacts\processed
2025-05-15 14:28:18,752 - INFO - Data Processing completed successfully
2025-05-15 14:28:18,753 - INFO - Training xgboost model
2025-05-15 14:28:18,753 - INFO - Random seeds set to 42 for all libraries
2025-05-15 14:28:18,795 - INFO - Building XGBoost model
2025-05-15 14:28:21,060 - INFO - RMSE: 119.26188659667969
2025-05-15 14:28:21,060 - INFO - Model training completed. Final RMSE: 119.26188659667969
2025-05-15 14:37:34,514 - INFO - Data Ingestion started for https://tap30-demand.s3.ir-thr-at1.arvanstorage.ir/tap30_demand_prediction.txt
2025-05-15 14:37:39,101 - INFO - Data format: 732 periods, 8x8 grid
2025-05-15 14:37:39,175 - INFO - Saved train data with 26930 records to artifacts\raw\train.csv
2025-05-15 14:37:39,178 - INFO - Saved validation data with 2993 records to artifacts\raw\validation.csv
2025-05-15 14:37:39,191 - INFO - Saved test data with 16925 records to artifacts\raw\test.csv
2025-05-15 14:37:39,191 - INFO - Split summary:
2025-05-15 14:37:39,191 - INFO - Train set: 26930 records
2025-05-15 14:37:39,191 - INFO - Validation set: 2993 records
2025-05-15 14:37:39,191 - INFO - Test set (demand=-1): 16925 records
2025-05-15 14:37:39,191 - INFO - Data Ingestion completed successfully
2025-05-15 14:37:39,194 - INFO - Data Processing started
2025-05-15 14:37:39,321 - INFO - Saved processed files to artifacts\processed
2025-05-15 14:37:39,322 - INFO - Data Processing completed successfully
2025-05-15 14:37:39,322 - INFO - Training random_forest model
2025-05-15 14:37:39,322 - INFO - Random seeds set to 42 for all libraries
2025-05-15 14:37:39,368 - INFO - Building RandomForest model
2025-05-15 14:37:42,087 - INFO - Out-Of-Bag Score: 73.3579442441429
2025-05-15 14:37:42,088 - INFO - RMSE: 86.29163219170671
2025-05-15 14:37:42,088 - INFO - Model training completed. Final RMSE: 86.29163219170671
2025-05-15 15:16:08,043 - INFO - Data Ingestion started for https://tap30-demand.s3.ir-thr-at1.arvanstorage.ir/tap30_demand_prediction.txt
2025-05-15 15:16:10,049 - INFO - Data format: 732 periods, 8x8 grid
2025-05-15 15:16:10,091 - INFO - Saved train data with 26930 records to artifacts\raw\train.csv
2025-05-15 15:16:10,096 - INFO - Saved validation data with 2993 records to artifacts\raw\validation.csv
2025-05-15 15:16:10,109 - INFO - Saved test data with 16925 records to artifacts\raw\test.csv
2025-05-15 15:16:10,109 - INFO - Split summary:
2025-05-15 15:16:10,109 - INFO - Train set: 26930 records
2025-05-15 15:16:10,109 - INFO - Validation set: 2993 records
2025-05-15 15:16:10,109 - INFO - Test set (demand=-1): 16925 records
2025-05-15 15:16:10,109 - INFO - Data Ingestion completed successfully
2025-05-15 15:16:10,112 - INFO - Data Processing started
2025-05-15 15:16:10,254 - INFO - Saved processed files to artifacts\processed
2025-05-15 15:16:10,254 - INFO - Data Processing completed successfully
2025-05-15 15:16:10,255 - INFO - Random seeds set to 42 for all libraries
2025-05-15 15:16:11,588 - INFO - Training random_forest model
2025-05-15 15:16:11,588 - INFO - MLflow started
2025-05-15 15:16:11,653 - INFO - Building RandomForest model
2025-05-15 15:16:15,284 - INFO - Out-Of-Bag Score: 72.77833520778088
2025-05-15 15:16:15,284 - INFO - RMSE: 70.56529507304275
2025-05-15 15:16:45,801 - INFO - MLflow run completed
2025-05-15 15:20:25,599 - INFO - Data Ingestion started for https://tap30-demand.s3.ir-thr-at1.arvanstorage.ir/tap30_demand_prediction.txt
2025-05-15 15:20:29,396 - INFO - Data format: 732 periods, 8x8 grid
2025-05-15 15:20:29,438 - INFO - Saved train data with 26930 records to artifacts\raw\train.csv
2025-05-15 15:20:29,441 - INFO - Saved validation data with 2993 records to artifacts\raw\validation.csv
2025-05-15 15:20:29,456 - INFO - Saved test data with 16925 records to artifacts\raw\test.csv
2025-05-15 15:20:29,456 - INFO - Split summary:
2025-05-15 15:20:29,456 - INFO - Train set: 26930 records
2025-05-15 15:20:29,456 - INFO - Validation set: 2993 records
2025-05-15 15:20:29,456 - INFO - Test set (demand=-1): 16925 records
2025-05-15 15:20:29,456 - INFO - Data Ingestion completed successfully
2025-05-15 15:20:29,460 - INFO - Data Processing started
2025-05-15 15:20:29,573 - INFO - Saved processed files to artifacts\processed
2025-05-15 15:20:29,573 - INFO - Data Processing completed successfully
2025-05-15 15:20:29,574 - INFO - Random seeds set to 42 for all libraries
2025-05-15 15:20:30,272 - INFO - Training xgboost model
2025-05-15 15:20:30,272 - INFO - MLflow started
2025-05-15 15:20:30,325 - INFO - Building XGBoost model
2025-05-15 15:20:33,109 - INFO - RMSE: 120.67091369628906
2025-05-15 15:20:34,625 - INFO - MLflow run completed
2025-05-15 17:05:24,936 - INFO - Data Ingestion started for https://tap30-demand.s3.ir-thr-at1.arvanstorage.ir/tap30_demand_prediction.txt
2025-05-15 17:05:28,307 - INFO - Data format: 732 periods, 8x8 grid
2025-05-15 17:05:28,347 - INFO - Saved train data with 26930 records to artifacts\raw\train.csv
2025-05-15 17:05:28,350 - INFO - Saved validation data with 2993 records to artifacts\raw\validation.csv
2025-05-15 17:05:28,364 - INFO - Saved test data with 16925 records to artifacts\raw\test.csv
2025-05-15 17:05:28,364 - INFO - Split summary:
2025-05-15 17:05:28,364 - INFO - Train set: 26930 records
2025-05-15 17:05:28,364 - INFO - Validation set: 2993 records
2025-05-15 17:05:28,364 - INFO - Test set (demand=-1): 16925 records
2025-05-15 17:05:28,364 - INFO - Data Ingestion completed successfully
2025-05-15 17:05:28,366 - INFO - Data Processing started
2025-05-15 17:05:28,490 - INFO - Saved processed files to artifacts\processed
2025-05-15 17:05:28,490 - INFO - Data Processing completed successfully
2025-05-15 17:05:28,491 - INFO - Random seeds set to 42 for all libraries
2025-05-15 17:05:29,666 - INFO - Training xgboost model
2025-05-15 17:05:29,666 - INFO - MLflow started
2025-05-15 17:05:29,722 - INFO - Building XGBoost model
2025-05-15 17:05:31,931 - INFO - RMSE: 88.46066284179688
2025-05-15 17:05:33,249 - INFO - MLflow run completed
2025-05-15 17:41:14,879 - INFO - 8 changes detected
2025-05-15 17:43:28,573 - INFO - 1 change detected
2025-05-15 17:43:29,683 - INFO - 4 changes detected
2025-05-15 17:43:30,147 - INFO - 1 change detected
2025-05-15 17:43:30,501 - INFO - 1 change detected
2025-05-15 17:43:30,862 - INFO - 1 change detected
2025-05-15 17:43:31,271 - INFO - 1 change detected
2025-05-15 17:43:31,677 - INFO - 1 change detected
2025-05-15 17:43:32,035 - INFO - 1 change detected
2025-05-15 17:43:32,442 - INFO - 1 change detected
2025-05-15 17:43:32,846 - INFO - 1 change detected
2025-05-15 17:43:33,255 - INFO - 1 change detected
2025-05-15 17:43:33,660 - INFO - 1 change detected
2025-05-15 17:43:34,064 - INFO - 1 change detected
2025-05-15 17:43:34,468 - INFO - 1 change detected
2025-05-15 17:43:34,874 - INFO - 1 change detected
2025-05-15 17:43:35,282 - INFO - 1 change detected
2025-05-15 17:43:35,686 - INFO - 1 change detected
2025-05-15 17:43:36,093 - INFO - 1 change detected
2025-05-15 17:43:36,500 - INFO - 1 change detected
2025-05-15 17:43:36,903 - INFO - 1 change detected
2025-05-15 17:43:37,313 - INFO - 1 change detected
2025-05-15 17:43:37,720 - INFO - 1 change detected
2025-05-15 17:43:38,127 - INFO - 1 change detected
2025-05-15 17:43:38,534 - INFO - 1 change detected
2025-05-15 17:43:38,941 - INFO - 1 change detected
2025-05-15 17:43:39,300 - INFO - 1 change detected
2025-05-15 17:43:39,710 - INFO - 1 change detected
2025-05-15 17:43:40,116 - INFO - 1 change detected
2025-05-15 17:43:40,526 - INFO - 1 change detected
2025-05-15 17:43:40,930 - INFO - 1 change detected
2025-05-15 17:43:41,335 - INFO - 1 change detected
2025-05-15 17:43:41,740 - INFO - 1 change detected
2025-05-15 17:43:42,147 - INFO - 1 change detected
2025-05-15 17:43:42,552 - INFO - 1 change detected
2025-05-15 17:43:42,956 - INFO - 1 change detected
2025-05-15 17:43:43,311 - INFO - 1 change detected
2025-05-15 17:43:43,722 - INFO - 1 change detected
2025-05-15 17:43:44,127 - INFO - 1 change detected
2025-05-15 17:43:44,529 - INFO - 1 change detected
2025-05-15 17:43:44,934 - INFO - 1 change detected
2025-05-15 17:43:45,341 - INFO - 1 change detected
2025-05-15 17:43:45,746 - INFO - 1 change detected
2025-05-15 17:43:46,152 - INFO - 1 change detected
2025-05-15 17:43:46,557 - INFO - 1 change detected
2025-05-15 17:43:46,963 - INFO - 1 change detected
2025-05-15 17:43:47,368 - INFO - 1 change detected
2025-05-15 17:43:47,771 - INFO - 1 change detected
2025-05-15 17:43:48,178 - INFO - 1 change detected
2025-05-15 17:43:48,581 - INFO - 1 change detected
2025-05-15 17:43:48,990 - INFO - 1 change detected
2025-05-15 17:43:49,349 - INFO - 1 change detected
2025-05-15 17:43:49,755 - INFO - 1 change detected
2025-05-15 17:43:50,159 - INFO - 1 change detected
2025-05-15 17:43:50,564 - INFO - 1 change detected
2025-05-15 17:43:50,986 - INFO - 1 change detected
2025-05-15 17:43:51,343 - INFO - 1 change detected
2025-05-15 17:43:51,751 - INFO - 1 change detected
2025-05-15 17:43:52,152 - INFO - 1 change detected
2025-05-15 17:43:52,558 - INFO - 1 change detected
2025-05-15 17:43:52,965 - INFO - 1 change detected
2025-05-15 17:43:53,371 - INFO - 1 change detected
2025-05-15 17:43:53,778 - INFO - 1 change detected
2025-05-15 17:43:54,187 - INFO - 1 change detected
2025-05-15 17:43:54,592 - INFO - 1 change detected
2025-05-15 17:43:55,000 - INFO - 1 change detected
2025-05-15 17:43:55,404 - INFO - 1 change detected
2025-05-15 17:43:55,758 - INFO - 1 change detected
2025-05-15 17:43:56,167 - INFO - 1 change detected
2025-05-15 17:43:56,574 - INFO - 1 change detected
2025-05-15 17:43:56,980 - INFO - 1 change detected
2025-05-15 17:43:57,384 - INFO - 1 change detected
2025-05-15 17:43:57,787 - INFO - 1 change detected
2025-05-15 17:43:58,192 - INFO - 1 change detected
2025-05-15 17:43:58,597 - INFO - 1 change detected
2025-05-15 17:43:59,000 - INFO - 1 change detected
2025-05-15 17:43:59,408 - INFO - 1 change detected
2025-05-15 17:43:59,818 - INFO - 1 change detected
2025-05-15 17:44:00,230 - INFO - 1 change detected
2025-05-15 17:44:00,643 - INFO - 1 change detected
2025-05-15 17:44:01,049 - INFO - 1 change detected
2025-05-15 17:44:01,416 - INFO - 1 change detected
2025-05-15 17:44:01,822 - INFO - 1 change detected
2025-05-15 17:44:02,231 - INFO - 1 change detected
2025-05-15 17:44:02,646 - INFO - 1 change detected
2025-05-15 17:44:03,052 - INFO - 1 change detected
2025-05-15 17:44:03,469 - INFO - 1 change detected
2025-05-15 17:44:03,823 - INFO - 1 change detected
2025-05-15 17:44:04,235 - INFO - 1 change detected
2025-05-15 17:44:04,644 - INFO - 1 change detected
2025-05-15 17:44:05,048 - INFO - 1 change detected
2025-05-15 17:44:05,452 - INFO - 1 change detected
2025-05-15 17:44:05,857 - INFO - 1 change detected
2025-05-15 17:44:06,263 - INFO - 1 change detected
2025-05-15 17:44:06,668 - INFO - 1 change detected
2025-05-15 17:44:07,072 - INFO - 1 change detected
2025-05-15 17:44:07,482 - INFO - 1 change detected
2025-05-15 17:44:07,888 - INFO - 1 change detected
2025-05-15 17:44:08,295 - INFO - 1 change detected
2025-05-15 17:44:08,703 - INFO - 1 change detected
2025-05-15 17:44:09,107 - INFO - 1 change detected
2025-05-15 17:44:09,473 - INFO - 1 change detected
2025-05-15 17:44:09,886 - INFO - 1 change detected
2025-05-15 17:44:10,295 - INFO - 1 change detected
2025-05-15 17:44:10,702 - INFO - 1 change detected
2025-05-15 17:44:11,107 - INFO - 1 change detected
2025-05-15 17:44:11,513 - INFO - 1 change detected
2025-05-15 17:44:11,922 - INFO - 1 change detected
2025-05-15 17:44:12,328 - INFO - 1 change detected
2025-05-15 17:44:12,734 - INFO - 1 change detected
2025-05-15 17:44:13,140 - INFO - 1 change detected
2025-05-15 17:44:13,544 - INFO - 1 change detected
2025-05-15 17:44:13,948 - INFO - 1 change detected
2025-05-15 17:44:14,353 - INFO - 1 change detected
2025-05-15 17:44:14,760 - INFO - 1 change detected
2025-05-15 17:44:15,165 - INFO - 1 change detected
2025-05-15 17:44:15,570 - INFO - 1 change detected
2025-05-15 17:44:15,973 - INFO - 1 change detected
2025-05-15 17:44:16,379 - INFO - 1 change detected
2025-05-15 17:44:16,785 - INFO - 1 change detected
2025-05-15 17:44:17,188 - INFO - 1 change detected
2025-05-15 17:44:17,597 - INFO - 1 change detected
2025-05-15 17:44:18,002 - INFO - 1 change detected
2025-05-15 17:44:18,409 - INFO - 1 change detected
2025-05-15 17:44:18,814 - INFO - 1 change detected
2025-05-15 17:44:19,171 - INFO - 1 change detected
2025-05-15 17:44:19,580 - INFO - 1 change detected
2025-05-15 17:44:19,988 - INFO - 1 change detected
2025-05-15 17:44:20,404 - INFO - 1 change detected
2025-05-15 17:44:20,809 - INFO - 1 change detected
2025-05-15 17:44:21,215 - INFO - 1 change detected
2025-05-15 17:44:21,620 - INFO - 1 change detected
2025-05-15 17:44:22,025 - INFO - 1 change detected
2025-05-15 17:44:22,430 - INFO - 1 change detected
2025-05-15 17:44:22,838 - INFO - 1 change detected
2025-05-15 17:44:23,242 - INFO - 1 change detected
2025-05-15 17:44:23,645 - INFO - 1 change detected
2025-05-15 17:44:24,050 - INFO - 1 change detected
2025-05-15 17:44:24,410 - INFO - 1 change detected
2025-05-15 17:44:24,821 - INFO - 1 change detected
2025-05-15 17:44:25,224 - INFO - 1 change detected
2025-05-15 17:44:25,631 - INFO - 1 change detected
2025-05-15 17:44:26,037 - INFO - 1 change detected
2025-05-15 17:44:26,445 - INFO - 1 change detected
2025-05-15 17:44:26,852 - INFO - 1 change detected
2025-05-15 17:44:27,256 - INFO - 1 change detected
2025-05-15 17:44:27,659 - INFO - 1 change detected
2025-05-15 17:44:28,065 - INFO - 1 change detected
2025-05-15 17:44:28,471 - INFO - 1 change detected
2025-05-15 17:44:28,875 - INFO - 1 change detected
2025-05-15 17:44:29,279 - INFO - 1 change detected
2025-05-15 17:44:29,685 - INFO - 1 change detected
2025-05-15 17:44:30,093 - INFO - 1 change detected
2025-05-15 17:44:30,496 - INFO - 1 change detected
2025-05-15 17:44:30,900 - INFO - 1 change detected
2025-05-15 17:44:31,308 - INFO - 1 change detected
2025-05-15 17:44:31,711 - INFO - 1 change detected
2025-05-15 17:44:32,118 - INFO - 1 change detected
2025-05-15 17:44:32,522 - INFO - 1 change detected
2025-05-15 17:44:32,927 - INFO - 1 change detected
2025-05-15 17:44:33,331 - INFO - 1 change detected
2025-05-15 17:44:33,737 - INFO - 1 change detected
2025-05-15 17:44:34,145 - INFO - 1 change detected
2025-05-15 17:44:34,553 - INFO - 1 change detected
2025-05-15 17:44:34,959 - INFO - 1 change detected
2025-05-15 17:44:35,366 - INFO - 1 change detected
2025-05-15 17:44:35,731 - INFO - 1 change detected
2025-05-15 17:44:36,141 - INFO - 1 change detected
2025-05-15 17:44:36,549 - INFO - 1 change detected
2025-05-15 17:44:36,953 - INFO - 1 change detected
2025-05-15 17:44:37,355 - INFO - 1 change detected
2025-05-15 17:44:37,761 - INFO - 1 change detected
2025-05-15 17:44:38,164 - INFO - 1 change detected
2025-05-15 17:44:38,570 - INFO - 1 change detected
2025-05-15 17:44:38,974 - INFO - 1 change detected
2025-05-15 17:44:39,378 - INFO - 1 change detected
2025-05-15 17:44:39,784 - INFO - 1 change detected
2025-05-15 17:44:40,188 - INFO - 1 change detected
2025-05-15 17:44:40,594 - INFO - 1 change detected
2025-05-15 17:44:41,002 - INFO - 1 change detected
2025-05-15 17:44:41,406 - INFO - 1 change detected
2025-05-15 17:44:41,811 - INFO - 1 change detected
2025-05-15 17:44:42,217 - INFO - 1 change detected
2025-05-15 17:44:42,623 - INFO - 1 change detected
2025-05-15 17:44:43,028 - INFO - 1 change detected
2025-05-15 17:44:43,435 - INFO - 1 change detected
2025-05-15 17:44:43,840 - INFO - 1 change detected
2025-05-15 17:44:44,195 - INFO - 1 change detected
2025-05-15 17:44:44,603 - INFO - 1 change detected
2025-05-15 17:44:45,010 - INFO - 1 change detected
2025-05-15 17:44:45,417 - INFO - 1 change detected
2025-05-15 17:44:45,825 - INFO - 1 change detected
2025-05-15 17:44:46,228 - INFO - 1 change detected
2025-05-15 17:44:46,645 - INFO - 1 change detected
2025-05-15 17:44:47,047 - INFO - 1 change detected
2025-05-15 17:44:47,451 - INFO - 1 change detected
2025-05-15 17:44:47,857 - INFO - 1 change detected
2025-05-15 17:44:48,272 - INFO - 1 change detected
2025-05-15 17:44:48,678 - INFO - 1 change detected
2025-05-15 17:44:49,087 - INFO - 1 change detected
2025-05-15 17:44:49,503 - INFO - 1 change detected
2025-05-15 17:44:49,906 - INFO - 1 change detected
2025-05-15 17:44:50,322 - INFO - 1 change detected
2025-05-15 17:44:50,687 - INFO - 1 change detected
2025-05-15 17:44:51,096 - INFO - 1 change detected
2025-05-15 17:44:51,502 - INFO - 1 change detected
2025-05-15 17:44:51,907 - INFO - 1 change detected
2025-05-15 17:44:52,313 - INFO - 1 change detected
2025-05-15 17:44:52,729 - INFO - 1 change detected
2025-05-15 17:44:53,134 - INFO - 1 change detected
2025-05-15 17:44:53,539 - INFO - 1 change detected
2025-05-15 17:44:53,946 - INFO - 1 change detected
2025-05-15 17:44:54,349 - INFO - 1 change detected
2025-05-15 17:44:54,754 - INFO - 1 change detected
2025-05-15 17:44:55,160 - INFO - 1 change detected
2025-05-15 17:44:55,565 - INFO - 1 change detected
2025-05-15 17:44:55,972 - INFO - 1 change detected
2025-05-15 17:44:56,377 - INFO - 1 change detected
2025-05-15 17:44:56,787 - INFO - 1 change detected
2025-05-15 17:44:57,192 - INFO - 1 change detected
2025-05-15 17:44:57,594 - INFO - 1 change detected
2025-05-15 17:44:57,998 - INFO - 1 change detected
2025-05-15 17:44:58,403 - INFO - 1 change detected
2025-05-15 17:44:58,809 - INFO - 1 change detected
2025-05-15 17:44:59,215 - INFO - 1 change detected
2025-05-15 17:44:59,620 - INFO - 1 change detected
2025-05-15 17:45:00,024 - INFO - 1 change detected
2025-05-15 17:45:00,430 - INFO - 1 change detected
2025-05-15 17:45:00,838 - INFO - 1 change detected
2025-05-15 17:45:01,243 - INFO - 1 change detected
2025-05-15 17:45:01,598 - INFO - 1 change detected
2025-05-15 17:45:02,007 - INFO - 1 change detected
2025-05-15 17:45:02,414 - INFO - 1 change detected
2025-05-15 17:45:02,818 - INFO - 1 change detected
2025-05-15 17:45:03,224 - INFO - 1 change detected
2025-05-15 17:45:03,626 - INFO - 1 change detected
2025-05-15 17:45:04,031 - INFO - 1 change detected
2025-05-15 17:45:04,435 - INFO - 1 change detected
2025-05-15 17:45:04,840 - INFO - 1 change detected
2025-05-15 17:45:05,245 - INFO - 1 change detected
2025-05-15 17:45:05,651 - INFO - 1 change detected
2025-05-15 17:45:06,059 - INFO - 1 change detected
2025-05-15 17:45:06,465 - INFO - 1 change detected
2025-05-15 17:45:06,871 - INFO - 1 change detected
2025-05-15 17:45:07,275 - INFO - 1 change detected
2025-05-15 17:45:07,678 - INFO - 1 change detected
2025-05-15 17:45:08,083 - INFO - 1 change detected
2025-05-15 17:45:08,488 - INFO - 1 change detected
2025-05-15 17:45:08,893 - INFO - 1 change detected
2025-05-15 17:45:09,296 - INFO - 1 change detected
2025-05-15 17:45:09,703 - INFO - 1 change detected
2025-05-15 17:45:10,156 - INFO - 1 change detected
2025-05-15 17:45:10,558 - INFO - 1 change detected
2025-05-15 17:45:10,911 - INFO - 1 change detected
2025-05-15 17:45:11,346 - INFO - 1 change detected
2025-05-15 17:45:11,709 - INFO - 1 change detected
2025-05-15 17:45:12,167 - INFO - 1 change detected
2025-05-15 17:45:12,533 - INFO - 1 change detected
2025-05-15 17:45:12,941 - INFO - 1 change detected
2025-05-15 17:45:13,346 - INFO - 1 change detected
2025-05-15 17:45:13,750 - INFO - 1 change detected
2025-05-15 17:45:14,153 - INFO - 1 change detected
2025-05-15 17:45:14,558 - INFO - 1 change detected
2025-05-15 17:45:14,964 - INFO - 1 change detected
2025-05-15 17:45:15,367 - INFO - 1 change detected
2025-05-15 17:45:15,769 - INFO - 1 change detected
2025-05-15 17:45:16,177 - INFO - 1 change detected
2025-05-15 17:45:16,583 - INFO - 1 change detected
2025-05-15 17:45:16,989 - INFO - 1 change detected
2025-05-15 17:45:17,342 - INFO - 1 change detected
2025-05-15 17:45:17,701 - INFO - 1 change detected
2025-05-15 17:45:19,177 - INFO - 1 change detected
2025-05-15 17:45:21,246 - INFO - 6 changes detected
2025-05-15 17:45:21,702 - INFO - 1 change detected
2025-05-15 17:45:22,107 - INFO - 1 change detected
2025-05-15 17:45:22,514 - INFO - 1 change detected
2025-05-15 17:45:22,917 - INFO - 1 change detected
2025-05-15 17:45:23,322 - INFO - 1 change detected
2025-05-15 17:45:23,729 - INFO - 1 change detected
2025-05-15 17:45:24,134 - INFO - 1 change detected
2025-05-15 17:45:24,539 - INFO - 1 change detected
2025-05-15 17:45:24,942 - INFO - 1 change detected
2025-05-15 17:45:25,348 - INFO - 1 change detected
2025-05-15 17:45:25,701 - INFO - 1 change detected
2025-05-15 17:45:26,111 - INFO - 1 change detected
2025-05-15 17:45:26,517 - INFO - 1 change detected
2025-05-15 17:45:26,919 - INFO - 1 change detected
2025-05-15 17:45:27,276 - INFO - 1 change detected
2025-05-15 17:45:28,042 - INFO - 1 change detected
2025-05-15 17:45:28,556 - INFO - 1 change detected
2025-05-15 17:45:29,064 - INFO - 1 change detected
2025-05-15 17:45:31,185 - INFO - 6 changes detected
2025-05-15 17:45:31,544 - INFO - 1 change detected
2025-05-15 17:45:31,952 - INFO - 1 change detected
2025-05-15 17:45:32,356 - INFO - 1 change detected
2025-05-15 17:45:32,762 - INFO - 1 change detected
2025-05-15 17:45:33,167 - INFO - 1 change detected
2025-05-15 17:45:33,569 - INFO - 1 change detected
2025-05-15 17:45:33,976 - INFO - 1 change detected
2025-05-15 17:45:34,398 - INFO - 1 change detected
2025-05-15 17:45:34,802 - INFO - 1 change detected
2025-05-15 17:45:35,204 - INFO - 1 change detected
2025-05-15 17:45:35,608 - INFO - 1 change detected
2025-05-15 17:45:36,013 - INFO - 1 change detected
2025-05-15 17:45:36,418 - INFO - 1 change detected
2025-05-15 17:45:36,825 - INFO - 1 change detected
2025-05-15 17:45:37,233 - INFO - 1 change detected
2025-05-15 17:45:37,638 - INFO - 1 change detected
2025-05-15 17:45:38,047 - INFO - 1 change detected
2025-05-15 17:45:38,450 - INFO - 1 change detected
2025-05-15 17:45:38,855 - INFO - 1 change detected
2025-05-15 17:45:39,209 - INFO - 1 change detected
2025-05-15 17:45:39,620 - INFO - 1 change detected
2025-05-15 17:45:40,024 - INFO - 1 change detected
2025-05-15 17:45:40,429 - INFO - 1 change detected
2025-05-15 17:45:40,837 - INFO - 1 change detected
2025-05-15 17:45:41,241 - INFO - 1 change detected
2025-05-15 17:45:41,648 - INFO - 1 change detected
2025-05-15 17:45:42,053 - INFO - 1 change detected
2025-05-15 17:45:42,459 - INFO - 1 change detected
2025-05-15 17:45:42,863 - INFO - 1 change detected
2025-05-15 17:45:43,270 - INFO - 1 change detected
2025-05-15 17:45:43,674 - INFO - 1 change detected
2025-05-15 17:45:44,078 - INFO - 1 change detected
2025-05-15 17:45:44,483 - INFO - 1 change detected
2025-05-15 17:45:44,889 - INFO - 1 change detected
2025-05-15 17:45:45,292 - INFO - 1 change detected
2025-05-15 17:45:45,696 - INFO - 1 change detected
2025-05-15 17:45:46,102 - INFO - 1 change detected
2025-05-15 17:45:46,509 - INFO - 1 change detected
2025-05-15 17:45:46,917 - INFO - 1 change detected
2025-05-15 17:45:47,320 - INFO - 1 change detected
2025-05-15 17:45:47,728 - INFO - 1 change detected
2025-05-15 17:45:48,134 - INFO - 1 change detected
2025-05-15 17:45:48,539 - INFO - 1 change detected
2025-05-15 17:45:48,896 - INFO - 1 change detected
2025-05-15 17:45:49,304 - INFO - 1 change detected
2025-05-15 17:45:49,710 - INFO - 1 change detected
2025-05-15 17:45:50,117 - INFO - 1 change detected
2025-05-15 17:45:50,520 - INFO - 1 change detected
2025-05-15 17:45:50,928 - INFO - 1 change detected
2025-05-15 17:45:51,333 - INFO - 1 change detected
2025-05-15 17:45:51,737 - INFO - 1 change detected
2025-05-15 17:45:52,142 - INFO - 1 change detected
2025-05-15 17:45:52,547 - INFO - 1 change detected
2025-05-15 17:45:52,953 - INFO - 1 change detected
2025-05-15 17:45:53,358 - INFO - 1 change detected
2025-05-15 17:45:53,764 - INFO - 1 change detected
2025-05-15 17:45:54,167 - INFO - 1 change detected
2025-05-15 17:45:54,572 - INFO - 1 change detected
2025-05-15 17:45:54,977 - INFO - 1 change detected
2025-05-15 17:45:55,387 - INFO - 1 change detected
2025-05-15 17:45:55,793 - INFO - 1 change detected
2025-05-15 17:45:56,201 - INFO - 1 change detected
2025-05-15 17:45:56,605 - INFO - 1 change detected
2025-05-15 17:45:57,010 - INFO - 1 change detected
2025-05-15 17:45:57,413 - INFO - 1 change detected
2025-05-15 17:45:57,818 - INFO - 1 change detected
2025-05-15 17:45:58,224 - INFO - 1 change detected
2025-05-15 17:45:58,628 - INFO - 1 change detected
2025-05-15 17:45:59,032 - INFO - 1 change detected
2025-05-15 17:45:59,439 - INFO - 1 change detected
2025-05-15 17:45:59,845 - INFO - 1 change detected
2025-05-15 17:46:00,250 - INFO - 1 change detected
2025-05-15 17:46:00,655 - INFO - 1 change detected
2025-05-15 17:46:01,058 - INFO - 1 change detected
2025-05-15 17:46:01,460 - INFO - 1 change detected
2025-05-15 17:46:01,867 - INFO - 1 change detected
2025-05-15 17:46:02,274 - INFO - 1 change detected
2025-05-15 17:46:02,639 - INFO - 1 change detected
2025-05-15 17:46:03,049 - INFO - 1 change detected
2025-05-15 17:46:03,454 - INFO - 1 change detected
2025-05-15 17:46:03,857 - INFO - 1 change detected
2025-05-15 17:46:04,263 - INFO - 1 change detected
2025-05-15 17:46:04,668 - INFO - 1 change detected
2025-05-15 17:46:05,073 - INFO - 1 change detected
2025-05-15 17:46:05,476 - INFO - 1 change detected
2025-05-15 17:46:05,879 - INFO - 1 change detected
2025-05-15 17:46:06,286 - INFO - 1 change detected
2025-05-15 17:46:06,690 - INFO - 1 change detected
2025-05-15 17:46:07,095 - INFO - 1 change detected
2025-05-15 17:46:07,500 - INFO - 1 change detected
2025-05-15 17:46:07,907 - INFO - 1 change detected
2025-05-15 17:46:08,310 - INFO - 1 change detected
2025-05-15 17:46:08,715 - INFO - 1 change detected
2025-05-15 17:46:09,119 - INFO - 1 change detected
2025-05-15 17:46:09,523 - INFO - 1 change detected
2025-05-15 17:46:09,930 - INFO - 1 change detected
2025-05-15 17:46:10,335 - INFO - 1 change detected
2025-05-15 17:46:10,741 - INFO - 1 change detected
2025-05-15 17:46:11,149 - INFO - 1 change detected
2025-05-15 17:46:11,553 - INFO - 1 change detected
2025-05-15 17:46:11,956 - INFO - 1 change detected
2025-05-15 17:46:12,364 - INFO - 1 change detected
2025-05-15 17:46:12,770 - INFO - 1 change detected
2025-05-15 17:46:13,176 - INFO - 1 change detected
2025-05-15 17:46:13,584 - INFO - 1 change detected
2025-05-15 17:46:13,992 - INFO - 1 change detected
2025-05-15 17:46:14,399 - INFO - 1 change detected
2025-05-15 17:46:14,802 - INFO - 1 change detected
2025-05-15 17:46:15,210 - INFO - 1 change detected
2025-05-15 17:46:15,615 - INFO - 1 change detected
2025-05-15 17:46:15,970 - INFO - 1 change detected
2025-05-15 17:46:16,383 - INFO - 1 change detected
2025-05-15 17:46:16,790 - INFO - 1 change detected
2025-05-15 17:46:17,195 - INFO - 1 change detected
2025-05-15 17:46:17,597 - INFO - 1 change detected
2025-05-15 17:46:18,003 - INFO - 1 change detected
2025-05-15 17:46:18,407 - INFO - 1 change detected
2025-05-15 17:46:18,814 - INFO - 1 change detected
2025-05-15 17:46:19,221 - INFO - 1 change detected
2025-05-15 17:46:19,628 - INFO - 1 change detected
2025-05-15 17:46:20,046 - INFO - 1 change detected
2025-05-15 17:46:20,452 - INFO - 1 change detected
2025-05-15 17:46:20,807 - INFO - 1 change detected
2025-05-15 17:46:21,219 - INFO - 1 change detected
2025-05-15 17:46:21,621 - INFO - 1 change detected
2025-05-15 17:46:22,024 - INFO - 1 change detected
2025-05-15 17:46:22,428 - INFO - 1 change detected
2025-05-15 17:46:22,832 - INFO - 1 change detected
2025-05-15 17:46:23,236 - INFO - 1 change detected
2025-05-15 17:46:23,642 - INFO - 1 change detected
2025-05-15 17:46:24,048 - INFO - 1 change detected
2025-05-15 17:46:24,451 - INFO - 1 change detected
2025-05-15 17:46:24,860 - INFO - 1 change detected
2025-05-15 17:46:25,265 - INFO - 1 change detected
2025-05-15 17:46:25,670 - INFO - 1 change detected
2025-05-15 17:46:26,075 - INFO - 1 change detected
2025-05-15 17:46:26,477 - INFO - 1 change detected
2025-05-15 17:46:26,880 - INFO - 1 change detected
2025-05-15 17:46:27,287 - INFO - 1 change detected
2025-05-15 17:46:27,692 - INFO - 1 change detected
2025-05-15 17:46:28,102 - INFO - 1 change detected
2025-05-15 17:46:28,509 - INFO - 1 change detected
2025-05-15 17:46:28,866 - INFO - 1 change detected
2025-05-15 17:46:29,274 - INFO - 1 change detected
2025-05-15 17:46:29,679 - INFO - 1 change detected
2025-05-15 17:46:30,085 - INFO - 1 change detected
2025-05-15 17:46:30,488 - INFO - 1 change detected
2025-05-15 17:46:30,897 - INFO - 1 change detected
2025-05-15 17:46:31,300 - INFO - 1 change detected
2025-05-15 17:46:31,709 - INFO - 1 change detected
2025-05-15 17:46:32,114 - INFO - 1 change detected
2025-05-15 17:46:32,517 - INFO - 1 change detected
2025-05-15 17:46:32,920 - INFO - 1 change detected
2025-05-15 17:46:33,328 - INFO - 1 change detected
2025-05-15 17:46:33,736 - INFO - 1 change detected
2025-05-15 17:46:34,102 - INFO - 1 change detected
2025-05-15 17:46:34,457 - INFO - 1 change detected
2025-05-15 17:46:34,814 - INFO - 1 change detected
2025-05-15 17:46:35,225 - INFO - 1 change detected
2025-05-15 17:46:35,632 - INFO - 5 changes detected
2025-05-15 17:46:35,989 - INFO - 1 change detected
2025-05-15 17:46:36,345 - INFO - 1 change detected
2025-05-15 17:46:36,753 - INFO - 1 change detected
2025-05-15 17:46:37,157 - INFO - 1 change detected
2025-05-15 17:46:37,562 - INFO - 1 change detected
2025-05-15 17:46:37,978 - INFO - 1 change detected
2025-05-15 17:46:38,382 - INFO - 1 change detected
2025-05-15 17:46:38,785 - INFO - 1 change detected
2025-05-15 17:46:39,191 - INFO - 1 change detected
2025-05-15 17:46:39,556 - INFO - 1 change detected
2025-05-15 17:46:39,912 - INFO - 1 change detected
2025-05-15 17:46:40,271 - INFO - 1 change detected
2025-05-15 17:46:40,629 - INFO - 1 change detected
2025-05-15 17:46:40,987 - INFO - 1 change detected
2025-05-15 17:46:41,345 - INFO - 1 change detected
2025-05-15 17:46:41,705 - INFO - 1 change detected
2025-05-15 17:46:42,114 - INFO - 1 change detected
2025-05-15 17:46:42,519 - INFO - 1 change detected
2025-05-15 17:46:42,922 - INFO - 1 change detected
2025-05-15 17:46:43,330 - INFO - 1 change detected
2025-05-15 17:46:43,733 - INFO - 1 change detected
2025-05-15 17:46:44,139 - INFO - 1 change detected
2025-05-15 17:46:44,544 - INFO - 1 change detected
2025-05-15 17:46:44,947 - INFO - 1 change detected
2025-05-15 17:46:45,349 - INFO - 1 change detected
2025-05-15 17:46:45,755 - INFO - 1 change detected
2025-05-15 17:46:46,159 - INFO - 1 change detected
2025-05-15 17:46:46,564 - INFO - 1 change detected
2025-05-15 17:46:46,968 - INFO - 1 change detected
2025-05-15 17:46:47,372 - INFO - 1 change detected
2025-05-15 17:46:47,777 - INFO - 1 change detected
2025-05-15 17:46:48,184 - INFO - 1 change detected
2025-05-15 17:46:48,589 - INFO - 1 change detected
2025-05-15 17:46:48,995 - INFO - 1 change detected
2025-05-15 17:46:49,399 - INFO - 1 change detected
2025-05-15 17:46:49,804 - INFO - 1 change detected
2025-05-15 17:46:50,207 - INFO - 1 change detected
2025-05-15 17:46:50,614 - INFO - 1 change detected
2025-05-15 17:46:51,019 - INFO - 1 change detected
2025-05-15 17:46:51,424 - INFO - 1 change detected
2025-05-15 17:46:51,828 - INFO - 1 change detected
2025-05-15 17:46:52,234 - INFO - 1 change detected
2025-05-15 17:46:52,591 - INFO - 1 change detected
2025-05-15 17:46:52,998 - INFO - 1 change detected
2025-05-15 17:46:53,403 - INFO - 1 change detected
2025-05-15 17:46:53,806 - INFO - 1 change detected
2025-05-15 17:46:54,211 - INFO - 1 change detected
2025-05-15 17:46:54,614 - INFO - 1 change detected
2025-05-15 17:46:55,019 - INFO - 1 change detected
2025-05-15 17:46:55,425 - INFO - 1 change detected
2025-05-15 17:46:55,830 - INFO - 1 change detected
2025-05-15 17:46:56,232 - INFO - 1 change detected
2025-05-15 17:46:56,641 - INFO - 1 change detected
2025-05-15 17:46:57,046 - INFO - 1 change detected
2025-05-15 17:46:57,398 - INFO - 1 change detected
2025-05-15 17:46:57,809 - INFO - 1 change detected
2025-05-15 17:46:58,217 - INFO - 1 change detected
2025-05-15 17:46:58,620 - INFO - 1 change detected
2025-05-15 17:46:59,025 - INFO - 1 change detected
2025-05-15 17:46:59,429 - INFO - 1 change detected
2025-05-15 17:46:59,835 - INFO - 1 change detected
2025-05-15 17:47:00,239 - INFO - 1 change detected
2025-05-15 17:50:43,566 - INFO - 1 change detected
2025-05-15 17:50:45,037 - INFO - 4 changes detected
2025-05-15 17:51:57,423 - INFO - 1 change detected
2025-05-15 17:51:57,778 - INFO - 1 change detected
2025-05-15 17:51:58,189 - INFO - 1 change detected
2025-05-15 17:51:58,592 - INFO - 1 change detected
2025-05-15 17:51:58,997 - INFO - 1 change detected
2025-05-15 17:51:59,350 - INFO - 1 change detected
2025-05-15 17:51:59,762 - INFO - 1 change detected
2025-05-15 17:52:00,165 - INFO - 1 change detected
2025-05-15 17:52:00,585 - INFO - 1 change detected
2025-05-15 17:52:00,994 - INFO - 1 change detected
2025-05-15 17:52:01,396 - INFO - 1 change detected
2025-05-15 17:52:01,752 - INFO - 1 change detected
2025-05-15 17:52:02,159 - INFO - 1 change detected
2025-05-15 17:52:02,566 - INFO - 1 change detected
2025-05-15 17:52:02,982 - INFO - 1 change detected
2025-05-15 17:52:03,386 - INFO - 1 change detected
2025-05-15 17:52:03,789 - INFO - 1 change detected
2025-05-15 17:52:04,191 - INFO - 1 change detected
2025-05-15 17:52:04,598 - INFO - 1 change detected
2025-05-15 17:52:05,001 - INFO - 1 change detected
2025-05-15 17:52:05,408 - INFO - 1 change detected
2025-05-15 17:52:05,814 - INFO - 1 change detected
2025-05-15 17:52:06,218 - INFO - 1 change detected
2025-05-15 17:52:06,625 - INFO - 1 change detected
2025-05-15 17:52:07,031 - INFO - 1 change detected
2025-05-15 17:52:07,434 - INFO - 1 change detected
2025-05-15 17:52:07,799 - INFO - 1 change detected
2025-05-15 17:52:08,207 - INFO - 1 change detected
2025-05-15 17:52:08,611 - INFO - 1 change detected
2025-05-15 17:52:09,016 - INFO - 1 change detected
2025-05-15 17:52:09,423 - INFO - 1 change detected
2025-05-15 17:52:09,827 - INFO - 1 change detected
2025-05-15 17:52:10,234 - INFO - 1 change detected
2025-05-15 17:52:10,636 - INFO - 1 change detected
2025-05-15 17:52:11,042 - INFO - 1 change detected
2025-05-15 17:52:11,453 - INFO - 1 change detected
2025-05-15 17:52:11,854 - INFO - 1 change detected
2025-05-15 17:52:12,261 - INFO - 1 change detected
2025-05-15 17:52:12,665 - INFO - 1 change detected
2025-05-15 17:52:13,068 - INFO - 1 change detected
2025-05-15 17:52:13,472 - INFO - 1 change detected
2025-05-15 17:52:13,827 - INFO - 1 change detected
2025-05-15 17:52:14,234 - INFO - 1 change detected
2025-05-15 17:52:14,639 - INFO - 1 change detected
2025-05-15 17:52:15,045 - INFO - 1 change detected
2025-05-15 17:52:15,447 - INFO - 1 change detected
2025-05-15 17:52:15,853 - INFO - 1 change detected
2025-05-15 17:52:16,262 - INFO - 1 change detected
2025-05-15 17:52:16,665 - INFO - 1 change detected
2025-05-15 17:52:17,072 - INFO - 1 change detected
2025-05-15 17:52:17,475 - INFO - 1 change detected
2025-05-15 17:52:17,880 - INFO - 1 change detected
2025-05-15 17:52:18,285 - INFO - 1 change detected
2025-05-15 17:52:18,691 - INFO - 1 change detected
2025-05-15 17:52:19,095 - INFO - 1 change detected
2025-05-15 17:52:19,500 - INFO - 1 change detected
2025-05-15 17:52:19,904 - INFO - 1 change detected
2025-05-15 17:52:20,310 - INFO - 1 change detected
2025-05-15 17:52:20,717 - INFO - 1 change detected
2025-05-15 17:52:21,121 - INFO - 1 change detected
2025-05-15 17:52:21,529 - INFO - 1 change detected
2025-05-15 17:52:21,933 - INFO - 1 change detected
2025-05-15 17:52:22,338 - INFO - 1 change detected
2025-05-15 17:52:22,743 - INFO - 1 change detected
2025-05-15 17:52:23,153 - INFO - 1 change detected
2025-05-15 17:52:23,559 - INFO - 1 change detected
2025-05-15 17:52:23,969 - INFO - 1 change detected
2025-05-15 17:52:24,332 - INFO - 1 change detected
2025-05-15 17:52:24,742 - INFO - 1 change detected
2025-05-15 17:52:25,144 - INFO - 1 change detected
2025-05-15 17:52:25,549 - INFO - 1 change detected
2025-05-15 17:52:25,955 - INFO - 1 change detected
2025-05-15 17:52:26,361 - INFO - 1 change detected
2025-05-15 17:52:26,765 - INFO - 1 change detected
2025-05-15 17:52:27,169 - INFO - 1 change detected
2025-05-15 17:52:27,575 - INFO - 1 change detected
2025-05-15 17:52:27,979 - INFO - 1 change detected
2025-05-15 17:52:28,386 - INFO - 1 change detected
2025-05-15 17:52:28,792 - INFO - 1 change detected
2025-05-15 17:52:29,198 - INFO - 1 change detected
2025-05-15 17:52:29,603 - INFO - 1 change detected
2025-05-15 17:52:30,008 - INFO - 1 change detected
2025-05-15 17:52:30,411 - INFO - 1 change detected
2025-05-15 17:52:30,816 - INFO - 1 change detected
2025-05-15 17:52:31,221 - INFO - 1 change detected
2025-05-15 17:52:31,625 - INFO - 1 change detected
2025-05-15 17:52:32,028 - INFO - 1 change detected
2025-05-15 17:52:32,434 - INFO - 1 change detected
2025-05-15 17:52:32,836 - INFO - 1 change detected
2025-05-15 17:52:33,241 - INFO - 1 change detected
2025-05-15 17:52:33,645 - INFO - 1 change detected
2025-05-15 17:52:34,049 - INFO - 1 change detected
2025-05-15 17:52:34,453 - INFO - 1 change detected
2025-05-15 17:52:34,859 - INFO - 1 change detected
2025-05-15 17:52:35,261 - INFO - 1 change detected
2025-05-15 17:52:35,666 - INFO - 1 change detected
2025-05-15 17:52:36,074 - INFO - 1 change detected
2025-05-15 17:52:36,479 - INFO - 1 change detected
2025-05-15 17:52:36,884 - INFO - 1 change detected
2025-05-15 17:52:37,290 - INFO - 1 change detected
2025-05-15 17:52:37,695 - INFO - 1 change detected
2025-05-15 17:52:38,098 - INFO - 1 change detected
2025-05-15 17:52:38,456 - INFO - 1 change detected
2025-05-15 17:52:38,865 - INFO - 1 change detected
2025-05-15 17:52:39,269 - INFO - 1 change detected
2025-05-15 17:52:39,674 - INFO - 1 change detected
2025-05-15 17:52:40,080 - INFO - 1 change detected
2025-05-15 17:52:40,485 - INFO - 1 change detected
2025-05-15 17:52:40,895 - INFO - 1 change detected
2025-05-15 17:52:41,301 - INFO - 1 change detected
2025-05-15 17:52:41,705 - INFO - 1 change detected
2025-05-15 17:52:42,111 - INFO - 1 change detected
2025-05-15 17:52:42,515 - INFO - 1 change detected
2025-05-15 17:52:42,923 - INFO - 1 change detected
2025-05-15 17:52:43,329 - INFO - 1 change detected
2025-05-15 17:52:43,694 - INFO - 1 change detected
2025-05-15 17:52:44,101 - INFO - 1 change detected
2025-05-15 17:52:44,504 - INFO - 1 change detected
2025-05-15 17:52:44,907 - INFO - 1 change detected
2025-05-15 17:52:45,312 - INFO - 1 change detected
2025-05-15 17:52:45,720 - INFO - 1 change detected
2025-05-15 17:52:46,127 - INFO - 1 change detected
2025-05-15 17:52:46,534 - INFO - 1 change detected
2025-05-15 17:52:46,938 - INFO - 1 change detected
2025-05-15 17:52:47,343 - INFO - 1 change detected
2025-05-15 17:52:47,747 - INFO - 1 change detected
2025-05-15 17:52:48,152 - INFO - 1 change detected
2025-05-15 17:52:48,555 - INFO - 1 change detected
2025-05-15 17:52:48,959 - INFO - 1 change detected
2025-05-15 17:52:49,366 - INFO - 1 change detected
2025-05-15 17:52:49,732 - INFO - 1 change detected
2025-05-15 17:52:50,137 - INFO - 1 change detected
2025-05-15 17:52:50,549 - INFO - 1 change detected
2025-05-15 17:52:50,953 - INFO - 1 change detected
2025-05-15 17:52:51,370 - INFO - 1 change detected
2025-05-15 17:52:51,727 - INFO - 1 change detected
2025-05-15 17:52:52,137 - INFO - 1 change detected
2025-05-15 17:52:52,541 - INFO - 1 change detected
2025-05-15 17:52:52,950 - INFO - 1 change detected
2025-05-15 17:52:53,354 - INFO - 1 change detected
2025-05-15 17:52:53,758 - INFO - 1 change detected
2025-05-15 17:52:54,165 - INFO - 1 change detected
2025-05-15 17:52:54,571 - INFO - 1 change detected
2025-05-15 17:52:54,978 - INFO - 1 change detected
2025-05-15 17:52:55,383 - INFO - 1 change detected
2025-05-15 17:52:55,788 - INFO - 1 change detected
2025-05-15 17:52:56,195 - INFO - 1 change detected
2025-05-15 17:52:56,603 - INFO - 1 change detected
2025-05-15 17:52:57,007 - INFO - 1 change detected
2025-05-15 17:52:57,412 - INFO - 1 change detected
2025-05-15 17:52:57,813 - INFO - 1 change detected
2025-05-15 17:52:58,220 - INFO - 1 change detected
2025-05-15 17:52:58,623 - INFO - 1 change detected
2025-05-15 17:52:59,029 - INFO - 1 change detected
2025-05-15 17:52:59,433 - INFO - 1 change detected
2025-05-15 17:52:59,840 - INFO - 1 change detected
2025-05-15 17:53:00,245 - INFO - 1 change detected
2025-05-15 17:53:00,650 - INFO - 1 change detected
2025-05-15 17:53:01,064 - INFO - 1 change detected
2025-05-15 17:53:01,425 - INFO - 1 change detected
2025-05-15 17:53:01,834 - INFO - 1 change detected
2025-05-15 17:53:02,237 - INFO - 1 change detected
2025-05-15 17:53:02,642 - INFO - 1 change detected
2025-05-15 17:53:03,044 - INFO - 1 change detected
2025-05-15 17:53:03,451 - INFO - 1 change detected
2025-05-15 17:53:03,858 - INFO - 1 change detected
2025-05-15 17:53:04,264 - INFO - 1 change detected
2025-05-15 17:53:04,671 - INFO - 1 change detected
2025-05-15 17:53:05,079 - INFO - 1 change detected
2025-05-15 17:53:05,486 - INFO - 1 change detected
2025-05-15 17:53:05,902 - INFO - 1 change detected
2025-05-15 17:53:06,309 - INFO - 1 change detected
2025-05-15 17:53:06,715 - INFO - 1 change detected
2025-05-15 17:53:07,121 - INFO - 1 change detected
2025-05-15 17:53:07,526 - INFO - 1 change detected
2025-05-15 17:53:07,931 - INFO - 1 change detected
2025-05-15 17:53:08,338 - INFO - 1 change detected
2025-05-15 17:53:08,741 - INFO - 1 change detected
2025-05-15 17:53:09,149 - INFO - 1 change detected
2025-05-15 17:53:09,556 - INFO - 1 change detected
2025-05-15 17:53:09,959 - INFO - 1 change detected
2025-05-15 17:53:10,363 - INFO - 1 change detected
2025-05-15 17:53:10,767 - INFO - 1 change detected
2025-05-15 17:53:11,172 - INFO - 1 change detected
2025-05-15 17:53:11,575 - INFO - 1 change detected
2025-05-15 17:53:11,996 - INFO - 1 change detected
2025-05-15 17:53:12,402 - INFO - 1 change detected
2025-05-15 17:53:12,809 - INFO - 1 change detected
2025-05-15 17:53:13,213 - INFO - 1 change detected
2025-05-15 17:53:13,618 - INFO - 1 change detected
2025-05-15 17:53:14,023 - INFO - 1 change detected
2025-05-15 17:53:14,382 - INFO - 1 change detected
2025-05-15 17:53:14,791 - INFO - 1 change detected
2025-05-15 17:53:15,193 - INFO - 1 change detected
2025-05-15 17:53:15,599 - INFO - 1 change detected
2025-05-15 17:53:16,008 - INFO - 1 change detected
2025-05-15 17:53:16,416 - INFO - 1 change detected
2025-05-15 17:53:16,820 - INFO - 1 change detected
2025-05-15 17:53:17,226 - INFO - 1 change detected
2025-05-15 17:53:17,630 - INFO - 1 change detected
2025-05-15 17:53:18,032 - INFO - 1 change detected
2025-05-15 17:53:18,440 - INFO - 1 change detected
2025-05-15 17:53:18,794 - INFO - 1 change detected
2025-05-15 17:53:19,205 - INFO - 1 change detected
2025-05-15 17:53:19,609 - INFO - 1 change detected
2025-05-15 17:53:20,017 - INFO - 1 change detected
2025-05-15 17:53:20,422 - INFO - 1 change detected
2025-05-15 17:53:20,824 - INFO - 1 change detected
2025-05-15 17:53:21,228 - INFO - 1 change detected
2025-05-15 17:53:21,635 - INFO - 1 change detected
2025-05-15 17:53:22,040 - INFO - 1 change detected
2025-05-15 17:53:22,443 - INFO - 1 change detected
2025-05-15 17:53:22,846 - INFO - 1 change detected
2025-05-15 17:53:23,252 - INFO - 1 change detected
2025-05-15 17:53:23,658 - INFO - 1 change detected
2025-05-15 17:53:24,071 - INFO - 1 change detected
2025-05-15 17:53:24,477 - INFO - 1 change detected
2025-05-15 17:53:24,880 - INFO - 1 change detected
2025-05-15 17:53:25,287 - INFO - 1 change detected
2025-05-15 17:53:25,692 - INFO - 1 change detected
2025-05-15 17:53:26,100 - INFO - 1 change detected
2025-05-15 17:53:26,507 - INFO - 1 change detected
2025-05-15 17:53:26,916 - INFO - 1 change detected
2025-05-15 17:53:27,317 - INFO - 1 change detected
2025-05-15 17:53:27,722 - INFO - 1 change detected
2025-05-15 17:53:28,078 - INFO - 1 change detected
2025-05-15 17:53:28,487 - INFO - 1 change detected
2025-05-15 17:53:28,890 - INFO - 1 change detected
2025-05-15 17:53:29,298 - INFO - 1 change detected
2025-05-15 17:53:29,703 - INFO - 1 change detected
2025-05-15 17:53:30,107 - INFO - 1 change detected
2025-05-15 17:53:30,512 - INFO - 1 change detected
2025-05-15 17:53:30,914 - INFO - 1 change detected
2025-05-15 17:53:31,330 - INFO - 1 change detected
2025-05-15 17:53:31,737 - INFO - 1 change detected
2025-05-15 17:53:32,142 - INFO - 1 change detected
2025-05-15 17:53:32,548 - INFO - 1 change detected
2025-05-15 17:53:32,954 - INFO - 1 change detected
2025-05-15 17:53:33,358 - INFO - 1 change detected
2025-05-15 17:53:33,764 - INFO - 1 change detected
2025-05-15 17:53:34,168 - INFO - 1 change detected
2025-05-15 17:53:34,574 - INFO - 1 change detected
2025-05-15 17:53:34,983 - INFO - 1 change detected
2025-05-15 17:53:35,390 - INFO - 1 change detected
2025-05-15 17:53:35,793 - INFO - 1 change detected
2025-05-15 17:53:36,198 - INFO - 1 change detected
2025-05-15 17:53:36,619 - INFO - 1 change detected
2025-05-15 17:53:36,978 - INFO - 1 change detected
2025-05-15 17:53:37,387 - INFO - 1 change detected
2025-05-15 17:53:37,804 - INFO - 1 change detected
2025-05-15 17:53:38,207 - INFO - 1 change detected
2025-05-15 17:53:38,613 - INFO - 1 change detected
2025-05-15 17:53:39,021 - INFO - 1 change detected
2025-05-15 17:53:39,426 - INFO - 1 change detected
2025-05-15 17:53:39,784 - INFO - 1 change detected
2025-05-15 17:53:40,192 - INFO - 1 change detected
2025-05-15 17:53:40,600 - INFO - 1 change detected
2025-05-15 17:53:41,007 - INFO - 1 change detected
2025-05-15 17:53:41,413 - INFO - 1 change detected
2025-05-15 17:53:41,816 - INFO - 1 change detected
2025-05-15 17:53:42,221 - INFO - 1 change detected
2025-05-15 17:53:42,623 - INFO - 1 change detected
2025-05-15 17:53:43,030 - INFO - 1 change detected
2025-05-15 17:53:43,436 - INFO - 1 change detected
2025-05-15 17:53:43,802 - INFO - 1 change detected
2025-05-15 17:53:44,210 - INFO - 1 change detected
2025-05-15 17:53:44,615 - INFO - 1 change detected
2025-05-15 17:53:45,020 - INFO - 1 change detected
2025-05-15 17:53:45,426 - INFO - 1 change detected
2025-05-15 17:53:45,831 - INFO - 1 change detected
2025-05-15 17:53:46,240 - INFO - 1 change detected
2025-05-15 17:53:46,644 - INFO - 1 change detected
2025-05-15 17:53:47,051 - INFO - 1 change detected
2025-05-15 17:53:47,458 - INFO - 1 change detected
2025-05-15 17:53:47,862 - INFO - 1 change detected
2025-05-15 17:53:48,268 - INFO - 1 change detected
2025-05-15 17:53:48,674 - INFO - 1 change detected
2025-05-15 17:53:49,082 - INFO - 1 change detected
2025-05-15 17:53:49,488 - INFO - 1 change detected
2025-05-15 17:53:49,893 - INFO - 1 change detected
2025-05-15 17:53:50,297 - INFO - 1 change detected
2025-05-15 17:53:50,701 - INFO - 1 change detected
2025-05-15 17:53:51,056 - INFO - 1 change detected
2025-05-15 17:53:51,467 - INFO - 1 change detected
2025-05-15 17:53:51,872 - INFO - 1 change detected
2025-05-15 17:53:52,279 - INFO - 1 change detected
2025-05-15 17:53:52,686 - INFO - 1 change detected
2025-05-15 17:53:53,090 - INFO - 1 change detected
2025-05-15 17:53:53,497 - INFO - 1 change detected
2025-05-15 17:53:53,903 - INFO - 1 change detected
2025-05-15 17:53:54,306 - INFO - 1 change detected
2025-05-15 17:53:54,712 - INFO - 1 change detected
2025-05-15 17:53:55,117 - INFO - 1 change detected
2025-05-15 17:53:55,522 - INFO - 1 change detected
2025-05-15 17:53:55,878 - INFO - 1 change detected
2025-05-15 17:53:56,289 - INFO - 1 change detected
2025-05-15 17:53:56,698 - INFO - 1 change detected
2025-05-15 17:53:57,104 - INFO - 1 change detected
2025-05-15 17:53:57,507 - INFO - 1 change detected
2025-05-15 17:53:57,913 - INFO - 1 change detected
2025-05-15 17:53:58,320 - INFO - 1 change detected
2025-05-15 17:53:58,725 - INFO - 1 change detected
2025-05-15 17:53:59,081 - INFO - 1 change detected
2025-05-15 17:53:59,490 - INFO - 1 change detected
2025-05-15 17:53:59,899 - INFO - 1 change detected
2025-05-15 17:54:00,305 - INFO - 1 change detected
2025-05-15 17:54:00,707 - INFO - 1 change detected
2025-05-15 17:54:01,111 - INFO - 1 change detected
2025-05-15 17:54:01,516 - INFO - 1 change detected
2025-05-15 17:54:01,922 - INFO - 1 change detected
2025-05-15 17:54:02,327 - INFO - 1 change detected
2025-05-15 17:54:02,730 - INFO - 1 change detected
2025-05-15 17:54:03,136 - INFO - 1 change detected
2025-05-15 17:54:03,540 - INFO - 1 change detected
2025-05-15 17:54:03,948 - INFO - 1 change detected
2025-05-15 17:54:04,353 - INFO - 1 change detected
2025-05-15 17:54:04,758 - INFO - 1 change detected
2025-05-15 17:54:05,164 - INFO - 1 change detected
2025-05-15 17:54:05,568 - INFO - 1 change detected
2025-05-15 17:54:05,972 - INFO - 1 change detected
2025-05-15 17:54:06,378 - INFO - 1 change detected
2025-05-15 17:54:06,780 - INFO - 1 change detected
2025-05-15 17:54:07,184 - INFO - 1 change detected
2025-05-15 17:54:07,588 - INFO - 1 change detected
2025-05-15 17:54:07,993 - INFO - 1 change detected
2025-05-15 17:54:08,399 - INFO - 1 change detected
2025-05-15 17:54:08,806 - INFO - 1 change detected
2025-05-15 17:54:09,210 - INFO - 1 change detected
2025-05-15 17:54:09,617 - INFO - 1 change detected
2025-05-15 17:54:10,021 - INFO - 1 change detected
2025-05-15 17:54:10,425 - INFO - 1 change detected
2025-05-15 17:54:10,829 - INFO - 1 change detected
2025-05-15 17:54:11,235 - INFO - 1 change detected
2025-05-15 17:54:11,641 - INFO - 1 change detected
2025-05-15 17:54:12,044 - INFO - 1 change detected
2025-05-15 17:54:12,450 - INFO - 1 change detected
2025-05-15 17:54:12,855 - INFO - 1 change detected
2025-05-15 17:54:13,261 - INFO - 1 change detected
2025-05-15 17:54:13,667 - INFO - 1 change detected
2025-05-15 17:54:14,073 - INFO - 1 change detected
2025-05-15 17:54:14,478 - INFO - 1 change detected
2025-05-15 17:54:14,882 - INFO - 1 change detected
2025-05-15 17:54:15,286 - INFO - 1 change detected
2025-05-15 17:54:15,692 - INFO - 1 change detected
2025-05-15 17:54:16,096 - INFO - 1 change detected
2025-05-15 17:54:16,501 - INFO - 1 change detected
2025-05-15 17:54:16,906 - INFO - 1 change detected
2025-05-15 17:54:17,312 - INFO - 1 change detected
2025-05-15 17:54:17,717 - INFO - 1 change detected
2025-05-15 17:54:18,121 - INFO - 1 change detected
2025-05-15 17:54:18,527 - INFO - 1 change detected
2025-05-15 17:54:18,935 - INFO - 1 change detected
2025-05-15 17:54:19,341 - INFO - 1 change detected
2025-05-15 17:54:19,746 - INFO - 1 change detected
2025-05-15 17:54:20,151 - INFO - 1 change detected
2025-05-15 17:54:20,558 - INFO - 1 change detected
2025-05-15 17:54:20,962 - INFO - 1 change detected
2025-05-15 17:54:21,365 - INFO - 1 change detected
2025-05-15 17:54:21,721 - INFO - 1 change detected
2025-05-15 17:54:22,132 - INFO - 1 change detected
2025-05-15 17:54:22,540 - INFO - 1 change detected
2025-05-15 17:54:22,945 - INFO - 1 change detected
2025-05-15 17:54:23,351 - INFO - 1 change detected
2025-05-15 17:54:23,759 - INFO - 1 change detected
2025-05-15 17:54:24,162 - INFO - 1 change detected
2025-05-15 17:54:24,567 - INFO - 1 change detected
2025-05-15 17:54:24,972 - INFO - 1 change detected
2025-05-15 17:54:25,375 - INFO - 1 change detected
2025-05-15 17:54:25,780 - INFO - 1 change detected
2025-05-15 17:54:26,187 - INFO - 1 change detected
2025-05-15 17:54:26,593 - INFO - 1 change detected
2025-05-15 17:54:26,996 - INFO - 1 change detected
2025-05-15 17:54:27,399 - INFO - 1 change detected
2025-05-15 17:54:27,804 - INFO - 1 change detected
2025-05-15 17:54:28,211 - INFO - 1 change detected
2025-05-15 17:54:28,616 - INFO - 1 change detected
2025-05-15 17:54:29,022 - INFO - 1 change detected
2025-05-15 17:54:29,423 - INFO - 1 change detected
2025-05-15 17:54:29,825 - INFO - 1 change detected
2025-05-15 17:54:30,229 - INFO - 1 change detected
2025-05-15 17:54:30,585 - INFO - 1 change detected
2025-05-15 17:54:30,946 - INFO - 1 change detected
2025-05-15 17:54:31,301 - INFO - 1 change detected
2025-05-15 17:54:31,826 - INFO - 5 changes detected
2025-05-15 17:54:32,190 - INFO - 1 change detected
2025-05-15 17:54:32,599 - INFO - 1 change detected
2025-05-15 17:54:33,005 - INFO - 1 change detected
2025-05-15 17:54:33,410 - INFO - 1 change detected
2025-05-15 17:54:33,813 - INFO - 1 change detected
2025-05-15 17:54:34,219 - INFO - 1 change detected
2025-05-15 17:54:34,625 - INFO - 1 change detected
2025-05-15 17:54:35,028 - INFO - 1 change detected
2025-05-15 17:54:35,432 - INFO - 1 change detected
2025-05-15 17:54:35,837 - INFO - 1 change detected
2025-05-15 17:54:36,242 - INFO - 1 change detected
2025-05-15 17:54:36,647 - INFO - 1 change detected
2025-05-15 17:54:37,050 - INFO - 1 change detected
2025-05-15 17:54:37,451 - INFO - 1 change detected
2025-05-15 17:54:37,856 - INFO - 1 change detected
2025-05-15 17:54:38,260 - INFO - 1 change detected
2025-05-15 17:54:38,666 - INFO - 1 change detected
2025-05-15 17:54:39,072 - INFO - 1 change detected
2025-05-15 17:54:39,476 - INFO - 1 change detected
2025-05-15 17:54:39,882 - INFO - 1 change detected
2025-05-15 17:54:40,289 - INFO - 1 change detected
2025-05-15 17:54:40,695 - INFO - 1 change detected
2025-05-15 17:54:41,102 - INFO - 1 change detected
2025-05-15 17:54:41,506 - INFO - 1 change detected
2025-05-15 17:54:41,915 - INFO - 1 change detected
2025-05-15 17:54:42,324 - INFO - 1 change detected
2025-05-15 17:54:42,726 - INFO - 1 change detected
2025-05-15 17:54:43,133 - INFO - 1 change detected
2025-05-15 17:54:43,538 - INFO - 1 change detected
2025-05-15 17:54:43,941 - INFO - 1 change detected
2025-05-15 17:54:44,345 - INFO - 1 change detected
2025-05-15 17:54:44,749 - INFO - 1 change detected
2025-05-15 17:54:45,156 - INFO - 1 change detected
2025-05-15 17:54:45,559 - INFO - 1 change detected
2025-05-15 17:54:45,965 - INFO - 1 change detected
2025-05-15 17:54:46,372 - INFO - 1 change detected
2025-05-15 17:54:46,738 - INFO - 1 change detected
2025-05-15 17:54:47,146 - INFO - 1 change detected
2025-05-15 17:54:47,552 - INFO - 1 change detected
2025-05-15 17:54:47,958 - INFO - 1 change detected
2025-05-15 17:54:48,364 - INFO - 1 change detected
2025-05-15 17:54:48,767 - INFO - 1 change detected
2025-05-15 17:54:49,172 - INFO - 1 change detected
2025-05-15 17:54:49,574 - INFO - 1 change detected
2025-05-15 17:54:49,981 - INFO - 1 change detected
2025-05-15 17:54:50,386 - INFO - 1 change detected
2025-05-15 17:54:50,790 - INFO - 1 change detected
2025-05-15 17:54:51,195 - INFO - 1 change detected
2025-05-15 17:54:51,602 - INFO - 1 change detected
2025-05-15 17:54:52,006 - INFO - 1 change detected
2025-05-15 17:54:52,411 - INFO - 1 change detected
2025-05-15 17:54:52,817 - INFO - 1 change detected
2025-05-15 17:54:53,220 - INFO - 1 change detected
2025-05-15 17:54:53,637 - INFO - 1 change detected
2025-05-15 17:54:54,044 - INFO - 1 change detected
2025-05-15 17:54:54,449 - INFO - 1 change detected
2025-05-15 17:54:54,850 - INFO - 1 change detected
2025-05-15 17:54:55,255 - INFO - 1 change detected
2025-05-15 17:54:55,659 - INFO - 1 change detected
2025-05-15 17:54:56,064 - INFO - 1 change detected
2025-05-15 17:54:56,471 - INFO - 1 change detected
2025-05-15 17:54:56,876 - INFO - 1 change detected
2025-05-15 17:54:57,234 - INFO - 1 change detected
2025-05-15 17:54:57,642 - INFO - 1 change detected
2025-05-15 17:54:58,047 - INFO - 1 change detected
2025-05-15 17:54:58,453 - INFO - 1 change detected
2025-05-15 17:54:58,856 - INFO - 1 change detected
2025-05-15 17:54:59,261 - INFO - 1 change detected
2025-05-15 17:54:59,666 - INFO - 1 change detected
2025-05-15 17:55:00,074 - INFO - 1 change detected
2025-05-15 17:55:00,477 - INFO - 1 change detected
2025-05-15 17:55:00,885 - INFO - 1 change detected
2025-05-15 17:55:01,291 - INFO - 1 change detected
2025-05-15 17:55:01,696 - INFO - 1 change detected
2025-05-15 17:55:02,099 - INFO - 1 change detected
2025-05-15 17:55:02,502 - INFO - 1 change detected
2025-05-15 17:55:02,918 - INFO - 1 change detected
2025-05-15 17:55:03,324 - INFO - 1 change detected
2025-05-15 17:55:03,734 - INFO - 1 change detected
2025-05-15 17:55:04,138 - INFO - 1 change detected
2025-05-15 17:55:04,494 - INFO - 1 change detected
2025-05-15 17:55:04,903 - INFO - 1 change detected
2025-05-15 17:55:05,307 - INFO - 1 change detected
2025-05-15 17:55:05,712 - INFO - 1 change detected
2025-05-15 17:55:06,119 - INFO - 1 change detected
2025-05-15 17:55:06,526 - INFO - 1 change detected
2025-05-15 17:55:06,929 - INFO - 1 change detected
2025-05-15 17:55:07,337 - INFO - 1 change detected
2025-05-15 17:55:07,742 - INFO - 1 change detected
2025-05-15 17:55:08,149 - INFO - 1 change detected
2025-05-15 17:55:08,554 - INFO - 1 change detected
2025-05-15 17:55:08,961 - INFO - 1 change detected
2025-05-15 17:55:09,364 - INFO - 1 change detected
2025-05-15 17:55:09,771 - INFO - 1 change detected
2025-05-15 17:55:10,176 - INFO - 1 change detected
2025-05-15 17:55:10,581 - INFO - 1 change detected
2025-05-15 17:55:10,987 - INFO - 1 change detected
2025-05-15 17:55:11,392 - INFO - 1 change detected
2025-05-15 17:55:11,797 - INFO - 1 change detected
2025-05-15 17:55:12,203 - INFO - 1 change detected
2025-05-15 17:55:12,606 - INFO - 1 change detected
2025-05-15 17:55:13,012 - INFO - 1 change detected
2025-05-15 17:55:13,418 - INFO - 1 change detected
2025-05-15 17:55:13,825 - INFO - 1 change detected
2025-05-15 17:55:14,231 - INFO - 1 change detected
2025-05-15 17:55:14,638 - INFO - 1 change detected
2025-05-15 17:55:15,047 - INFO - 1 change detected
2025-05-15 17:55:15,399 - INFO - 1 change detected
2025-05-15 17:55:15,809 - INFO - 1 change detected
2025-05-15 17:55:16,212 - INFO - 1 change detected
2025-05-15 17:55:16,617 - INFO - 1 change detected
2025-05-15 17:55:17,020 - INFO - 1 change detected
2025-05-15 17:55:17,424 - INFO - 1 change detected
2025-05-15 17:55:17,831 - INFO - 1 change detected
2025-05-15 17:55:18,237 - INFO - 1 change detected
2025-05-15 17:55:18,644 - INFO - 1 change detected
2025-05-15 17:55:19,051 - INFO - 1 change detected
2025-05-15 17:55:19,459 - INFO - 1 change detected
2025-05-15 17:55:19,866 - INFO - 1 change detected
2025-05-15 17:55:20,273 - INFO - 1 change detected
2025-05-15 17:55:20,675 - INFO - 1 change detected
2025-05-15 17:55:21,082 - INFO - 1 change detected
2025-05-15 17:55:21,514 - INFO - 1 change detected
2025-05-15 17:55:21,876 - INFO - 1 change detected
2025-05-15 17:55:22,282 - INFO - 1 change detected
2025-05-15 17:55:22,688 - INFO - 1 change detected
2025-05-15 17:55:23,094 - INFO - 1 change detected
2025-05-15 17:55:23,500 - INFO - 1 change detected
2025-05-15 17:55:23,905 - INFO - 1 change detected
2025-05-15 17:55:24,309 - INFO - 1 change detected
2025-05-15 17:55:24,715 - INFO - 1 change detected
2025-05-15 17:55:25,125 - INFO - 1 change detected
2025-05-15 17:55:25,529 - INFO - 1 change detected
2025-05-15 17:55:25,935 - INFO - 1 change detected
2025-05-15 17:55:26,340 - INFO - 1 change detected
2025-05-15 17:55:26,746 - INFO - 1 change detected
2025-05-15 17:55:27,152 - INFO - 1 change detected
2025-05-15 17:55:27,559 - INFO - 1 change detected
2025-05-15 17:55:27,964 - INFO - 1 change detected
2025-05-15 17:55:28,371 - INFO - 1 change detected
2025-05-15 17:55:28,778 - INFO - 1 change detected
2025-05-15 17:55:29,181 - INFO - 1 change detected
2025-05-15 17:55:29,590 - INFO - 1 change detected
2025-05-15 17:55:29,996 - INFO - 1 change detected
2025-05-15 17:55:30,404 - INFO - 1 change detected
2025-05-15 17:55:30,757 - INFO - 1 change detected
2025-05-15 17:55:31,167 - INFO - 1 change detected
2025-05-15 17:55:31,573 - INFO - 1 change detected
2025-05-15 17:55:31,980 - INFO - 1 change detected
2025-05-15 17:55:32,384 - INFO - 1 change detected
2025-05-15 17:55:32,790 - INFO - 1 change detected
2025-05-15 17:55:33,145 - INFO - 1 change detected
2025-05-15 17:55:33,554 - INFO - 1 change detected
2025-05-15 17:55:33,956 - INFO - 1 change detected
2025-05-15 17:55:34,362 - INFO - 1 change detected
2025-05-15 17:55:34,765 - INFO - 1 change detected
2025-05-15 17:55:35,169 - INFO - 1 change detected
2025-05-15 17:55:35,574 - INFO - 1 change detected
2025-05-15 17:55:35,978 - INFO - 1 change detected
2025-05-15 17:55:36,381 - INFO - 1 change detected
2025-05-15 17:55:36,788 - INFO - 1 change detected
2025-05-15 17:55:37,195 - INFO - 1 change detected
2025-05-15 17:55:37,600 - INFO - 1 change detected
2025-05-15 17:55:38,006 - INFO - 1 change detected
2025-05-15 17:55:38,408 - INFO - 1 change detected
2025-05-15 17:55:38,813 - INFO - 1 change detected
2025-05-15 17:55:39,219 - INFO - 1 change detected
2025-05-15 17:55:39,624 - INFO - 1 change detected
2025-05-15 17:55:40,030 - INFO - 1 change detected
2025-05-15 17:55:40,435 - INFO - 1 change detected
2025-05-15 17:55:40,851 - INFO - 1 change detected
2025-05-15 17:55:41,258 - INFO - 1 change detected
2025-05-15 17:55:41,665 - INFO - 1 change detected
2025-05-15 17:55:42,070 - INFO - 1 change detected
2025-05-15 17:55:42,475 - INFO - 1 change detected
2025-05-15 17:55:42,880 - INFO - 1 change detected
2025-05-15 17:55:43,285 - INFO - 1 change detected
2025-05-15 17:55:43,718 - INFO - 1 change detected
2025-05-15 17:55:44,079 - INFO - 1 change detected
2025-05-15 17:55:44,486 - INFO - 1 change detected
2025-05-15 17:55:44,892 - INFO - 1 change detected
2025-05-15 17:55:45,300 - INFO - 1 change detected
2025-05-15 17:55:45,705 - INFO - 1 change detected
2025-05-15 17:55:46,110 - INFO - 1 change detected
2025-05-15 17:55:46,518 - INFO - 1 change detected
2025-05-15 17:55:46,923 - INFO - 1 change detected
2025-05-15 17:55:47,327 - INFO - 1 change detected
2025-05-15 17:55:47,734 - INFO - 1 change detected
2025-05-15 17:55:48,141 - INFO - 1 change detected
2025-05-15 17:55:48,547 - INFO - 1 change detected
2025-05-15 17:55:48,954 - INFO - 1 change detected
2025-05-15 17:55:49,359 - INFO - 1 change detected
2025-05-15 17:55:49,767 - INFO - 1 change detected
2025-05-15 17:55:50,171 - INFO - 1 change detected
2025-05-15 17:55:50,573 - INFO - 1 change detected
2025-05-15 17:55:50,976 - INFO - 1 change detected
2025-05-15 17:55:51,379 - INFO - 1 change detected
2025-05-15 17:55:51,786 - INFO - 1 change detected
2025-05-15 17:55:52,188 - INFO - 1 change detected
2025-05-15 17:55:52,592 - INFO - 1 change detected
2025-05-15 17:55:52,997 - INFO - 1 change detected
2025-05-15 17:55:53,404 - INFO - 1 change detected
2025-05-15 17:55:53,813 - INFO - 1 change detected
2025-05-15 17:55:54,217 - INFO - 1 change detected
2025-05-15 17:55:54,621 - INFO - 1 change detected
2025-05-15 17:55:55,027 - INFO - 1 change detected
2025-05-15 17:55:55,430 - INFO - 1 change detected
2025-05-15 17:55:55,841 - INFO - 1 change detected
2025-05-15 17:55:56,257 - INFO - 1 change detected
2025-05-15 17:55:56,663 - INFO - 1 change detected
2025-05-15 17:55:57,069 - INFO - 1 change detected
2025-05-15 17:55:57,475 - INFO - 1 change detected
2025-05-15 17:55:57,877 - INFO - 1 change detected
2025-05-15 17:55:58,288 - INFO - 1 change detected
2025-05-15 17:55:58,692 - INFO - 1 change detected
2025-05-15 17:55:59,095 - INFO - 1 change detected
2025-05-15 17:55:59,501 - INFO - 1 change detected
2025-05-15 17:55:59,906 - INFO - 1 change detected
2025-05-15 17:56:00,310 - INFO - 1 change detected
2025-05-15 17:56:00,715 - INFO - 1 change detected
2025-05-15 17:56:01,120 - INFO - 1 change detected
2025-05-15 17:56:01,523 - INFO - 1 change detected
2025-05-15 17:56:01,927 - INFO - 1 change detected
2025-05-15 17:56:02,337 - INFO - 1 change detected
2025-05-15 17:56:02,743 - INFO - 1 change detected
2025-05-15 17:56:03,148 - INFO - 1 change detected
2025-05-15 17:56:03,554 - INFO - 1 change detected
2025-05-15 17:56:03,909 - INFO - 1 change detected
2025-05-15 17:56:04,318 - INFO - 1 change detected
2025-05-15 17:56:04,724 - INFO - 1 change detected
2025-05-15 17:56:05,131 - INFO - 1 change detected
2025-05-15 17:56:05,535 - INFO - 1 change detected
2025-05-15 17:56:05,941 - INFO - 1 change detected
2025-05-15 17:56:06,349 - INFO - 1 change detected
2025-05-15 17:56:06,755 - INFO - 1 change detected
2025-05-15 17:56:07,130 - INFO - 1 change detected
2025-05-15 17:56:07,538 - INFO - 1 change detected
2025-05-15 17:56:07,945 - INFO - 1 change detected
2025-05-15 17:56:08,347 - INFO - 1 change detected
2025-05-15 17:56:08,754 - INFO - 1 change detected
2025-05-15 17:56:09,160 - INFO - 1 change detected
2025-05-15 17:56:09,563 - INFO - 1 change detected
2025-05-15 17:56:09,967 - INFO - 1 change detected
2025-05-15 17:56:10,373 - INFO - 1 change detected
2025-05-15 17:56:10,780 - INFO - 1 change detected
2025-05-15 17:56:11,183 - INFO - 1 change detected
2025-05-15 17:56:11,592 - INFO - 1 change detected
2025-05-15 17:56:11,995 - INFO - 1 change detected
2025-05-15 17:56:12,348 - INFO - 1 change detected
2025-05-15 17:56:12,759 - INFO - 1 change detected
2025-05-15 17:56:13,165 - INFO - 1 change detected
2025-05-15 17:56:13,568 - INFO - 1 change detected
2025-05-15 17:56:13,975 - INFO - 1 change detected
2025-05-15 17:56:14,329 - INFO - 1 change detected
2025-05-15 17:56:14,687 - INFO - 1 change detected
2025-05-15 17:56:15,046 - INFO - 1 change detected
2025-05-15 17:56:15,456 - INFO - 1 change detected
2025-05-15 17:56:15,858 - INFO - 1 change detected
2025-05-15 17:56:16,262 - INFO - 1 change detected
2025-05-15 17:56:16,620 - INFO - 1 change detected
2025-05-15 17:56:17,031 - INFO - 1 change detected
2025-05-15 17:56:17,442 - INFO - 1 change detected
2025-05-15 17:56:17,851 - INFO - 1 change detected
2025-05-15 17:56:18,211 - INFO - 1 change detected
2025-05-15 17:56:18,622 - INFO - 1 change detected
2025-05-15 17:56:19,025 - INFO - 1 change detected
2025-05-15 17:56:19,432 - INFO - 1 change detected
2025-05-15 17:56:19,838 - INFO - 1 change detected
2025-05-15 17:56:20,248 - INFO - 1 change detected
2025-05-15 17:56:20,607 - INFO - 1 change detected
2025-05-15 17:56:21,018 - INFO - 1 change detected
2025-05-15 17:56:21,422 - INFO - 1 change detected
2025-05-15 17:56:21,827 - INFO - 1 change detected
2025-05-15 17:56:22,232 - INFO - 1 change detected
2025-05-15 17:56:22,641 - INFO - 1 change detected
2025-05-15 17:56:23,045 - INFO - 1 change detected
2025-05-15 17:56:23,451 - INFO - 1 change detected
2025-05-15 17:56:23,857 - INFO - 1 change detected
2025-05-15 17:56:24,261 - INFO - 1 change detected
2025-05-15 17:56:24,671 - INFO - 1 change detected
2025-05-15 17:56:25,078 - INFO - 1 change detected
2025-05-15 17:56:25,484 - INFO - 1 change detected
2025-05-15 17:56:25,889 - INFO - 1 change detected
2025-05-15 17:56:26,298 - INFO - 1 change detected
2025-05-15 17:56:26,704 - INFO - 1 change detected
2025-05-15 17:56:27,110 - INFO - 1 change detected
2025-05-15 17:56:27,467 - INFO - 1 change detected
2025-05-15 17:56:27,875 - INFO - 1 change detected
2025-05-15 17:56:28,280 - INFO - 1 change detected
2025-05-15 17:56:28,683 - INFO - 1 change detected
2025-05-15 17:56:29,089 - INFO - 1 change detected
2025-05-15 17:56:29,505 - INFO - 1 change detected
2025-05-15 17:56:29,912 - INFO - 1 change detected
2025-05-15 17:56:30,314 - INFO - 1 change detected
2025-05-15 17:56:30,719 - INFO - 1 change detected
2025-05-15 17:56:31,123 - INFO - 1 change detected
2025-05-15 17:56:31,527 - INFO - 1 change detected
2025-05-15 17:56:31,932 - INFO - 1 change detected
2025-05-15 17:56:32,341 - INFO - 1 change detected
2025-05-15 17:56:32,744 - INFO - 1 change detected
2025-05-15 17:56:33,146 - INFO - 1 change detected
2025-05-15 17:56:33,553 - INFO - 1 change detected
2025-05-15 17:56:33,959 - INFO - 1 change detected
2025-05-15 17:56:34,363 - INFO - 1 change detected
2025-05-15 17:56:34,768 - INFO - 1 change detected
2025-05-15 17:56:35,171 - INFO - 1 change detected
2025-05-15 17:56:35,574 - INFO - 1 change detected
2025-05-15 17:56:35,976 - INFO - 1 change detected
2025-05-15 17:56:36,385 - INFO - 1 change detected
2025-05-15 17:56:36,791 - INFO - 1 change detected
2025-05-15 17:56:37,198 - INFO - 1 change detected
2025-05-15 17:56:37,556 - INFO - 1 change detected
2025-05-15 17:56:37,962 - INFO - 1 change detected
2025-05-15 17:56:38,368 - INFO - 1 change detected
2025-05-15 17:56:38,770 - INFO - 1 change detected
2025-05-15 17:56:39,175 - INFO - 1 change detected
2025-05-15 17:56:39,580 - INFO - 1 change detected
2025-05-15 17:56:39,988 - INFO - 1 change detected
2025-05-15 17:56:40,391 - INFO - 1 change detected
2025-05-15 17:56:40,799 - INFO - 1 change detected
2025-05-15 17:56:41,202 - INFO - 1 change detected
2025-05-15 17:56:41,605 - INFO - 1 change detected
2025-05-15 17:56:42,010 - INFO - 1 change detected
2025-05-15 17:56:42,415 - INFO - 1 change detected
2025-05-15 17:56:42,818 - INFO - 1 change detected
2025-05-15 17:56:43,227 - INFO - 1 change detected
2025-05-15 17:56:43,643 - INFO - 1 change detected
2025-05-15 17:56:44,049 - INFO - 1 change detected
2025-05-15 17:56:44,455 - INFO - 1 change detected
2025-05-15 17:56:44,859 - INFO - 1 change detected
2025-05-15 17:56:45,263 - INFO - 1 change detected
2025-05-15 17:56:45,668 - INFO - 1 change detected
2025-05-15 17:56:46,070 - INFO - 1 change detected
2025-05-15 17:56:46,479 - INFO - 1 change detected
2025-05-15 17:56:46,884 - INFO - 1 change detected
2025-05-15 17:56:47,286 - INFO - 1 change detected
2025-05-15 17:56:47,645 - INFO - 1 change detected
2025-05-15 17:56:48,053 - INFO - 1 change detected
2025-05-15 17:56:48,457 - INFO - 1 change detected
2025-05-15 17:56:48,867 - INFO - 1 change detected
2025-05-15 17:56:49,272 - INFO - 1 change detected
2025-05-15 17:56:49,694 - INFO - 1 change detected
2025-05-15 17:56:50,050 - INFO - 73 changes detected
2025-05-15 17:56:50,411 - INFO - 2 changes detected
2025-05-15 17:56:50,769 - INFO - 6 changes detected
2025-05-15 17:56:51,181 - INFO - 1 change detected
2025-05-15 17:56:51,534 - INFO - 1 change detected
2025-05-15 17:56:51,943 - INFO - 1 change detected
2025-05-15 17:56:52,360 - INFO - 1 change detected
2025-05-15 17:56:52,764 - INFO - 1 change detected
2025-05-15 17:56:53,169 - INFO - 1 change detected
2025-05-15 17:56:53,575 - INFO - 1 change detected
2025-05-15 17:56:53,932 - INFO - 1 change detected
2025-05-15 17:56:54,343 - INFO - 1 change detected
2025-05-15 17:56:54,744 - INFO - 1 change detected
2025-05-15 17:56:55,152 - INFO - 1 change detected
2025-05-15 17:56:55,558 - INFO - 1 change detected
2025-05-15 17:56:55,961 - INFO - 1 change detected
2025-05-15 17:56:56,366 - INFO - 1 change detected
2025-05-15 17:56:56,771 - INFO - 1 change detected
2025-05-15 17:56:57,177 - INFO - 1 change detected
2025-05-15 17:56:57,531 - INFO - 1 change detected
2025-05-15 17:56:57,889 - INFO - 1 change detected
2025-05-15 17:56:58,248 - INFO - 1 change detected
2025-05-15 17:56:58,654 - INFO - 1 change detected
2025-05-15 17:56:59,012 - INFO - 1 change detected
2025-05-15 17:56:59,372 - INFO - 1 change detected
2025-05-15 17:56:59,777 - INFO - 1 change detected
2025-05-15 17:57:00,183 - INFO - 1 change detected
2025-05-15 17:57:00,588 - INFO - 1 change detected
2025-05-15 17:57:00,958 - INFO - 1 change detected
2025-05-15 17:57:01,319 - INFO - 1 change detected
2025-05-15 17:57:01,677 - INFO - 1 change detected
2025-05-15 17:57:02,036 - INFO - 1 change detected
2025-05-15 17:57:02,392 - INFO - 1 change detected
2025-05-15 17:57:02,752 - INFO - 1 change detected
2025-05-15 17:57:03,112 - INFO - 1 change detected
2025-05-15 17:57:03,471 - INFO - 1 change detected
2025-05-15 17:57:03,831 - INFO - 1 change detected
2025-05-15 17:57:04,191 - INFO - 10 changes detected
2025-05-15 17:57:04,550 - INFO - 1 change detected
2025-05-15 17:57:04,919 - INFO - 1 change detected
2025-05-15 17:57:05,284 - INFO - 1 change detected
2025-05-15 17:57:05,642 - INFO - 1 change detected
2025-05-15 17:57:06,003 - INFO - 1 change detected
2025-05-15 17:57:06,364 - INFO - 1 change detected
2025-05-15 17:57:06,721 - INFO - 1 change detected
2025-05-15 17:57:07,079 - INFO - 1 change detected
2025-05-15 17:57:07,440 - INFO - 1 change detected
2025-05-15 17:57:07,799 - INFO - 1 change detected
2025-05-15 17:57:08,159 - INFO - 1 change detected
2025-05-15 17:57:08,521 - INFO - 1 change detected
2025-05-15 17:57:08,879 - INFO - 1 change detected
2025-05-15 17:57:09,236 - INFO - 1 change detected
2025-05-15 17:57:09,596 - INFO - 1 change detected
2025-05-15 17:57:09,956 - INFO - 1 change detected
2025-05-15 17:57:10,313 - INFO - 15 changes detected
2025-05-15 17:57:10,674 - INFO - 1 change detected
2025-05-15 17:57:11,031 - INFO - 6 changes detected
2025-05-15 17:57:11,442 - INFO - 1 change detected
2025-05-15 17:57:11,843 - INFO - 1 change detected
2025-05-15 17:57:12,252 - INFO - 1 change detected
2025-05-15 17:57:12,654 - INFO - 1 change detected
2025-05-15 17:57:13,059 - INFO - 1 change detected
2025-05-15 17:57:13,466 - INFO - 1 change detected
2025-05-15 17:57:13,870 - INFO - 1 change detected
2025-05-15 17:57:14,277 - INFO - 1 change detected
2025-05-15 17:57:14,682 - INFO - 1 change detected
2025-05-15 17:57:15,086 - INFO - 1 change detected
2025-05-15 17:57:15,490 - INFO - 1 change detected
2025-05-15 17:57:15,946 - INFO - 11 changes detected
2025-05-15 17:57:16,348 - INFO - 1 change detected
2025-05-15 17:57:16,753 - INFO - 1 change detected
2025-05-15 17:57:17,158 - INFO - 1 change detected
2025-05-15 17:57:17,514 - INFO - 10 changes detected
2025-05-15 17:57:17,872 - INFO - 1 change detected
2025-05-15 17:57:18,231 - INFO - 1 change detected
2025-05-15 17:57:18,589 - INFO - 1 change detected
2025-05-15 17:57:18,947 - INFO - 1 change detected
2025-05-15 17:57:19,357 - INFO - 1 change detected
2025-05-15 17:57:19,765 - INFO - 1 change detected
2025-05-15 17:57:20,169 - INFO - 1 change detected
2025-05-15 17:57:20,573 - INFO - 1 change detected
2025-05-15 17:57:20,981 - INFO - 1 change detected
2025-05-15 17:57:21,383 - INFO - 1 change detected
2025-05-15 17:57:21,787 - INFO - 1 change detected
2025-05-15 17:57:22,195 - INFO - 1 change detected
2025-05-15 17:57:22,604 - INFO - 1 change detected
2025-05-15 17:57:23,008 - INFO - 1 change detected
2025-05-15 17:57:23,414 - INFO - 1 change detected
2025-05-15 17:57:23,821 - INFO - 1 change detected
2025-05-15 17:57:24,227 - INFO - 1 change detected
2025-05-15 17:57:24,635 - INFO - 1 change detected
2025-05-15 17:57:24,988 - INFO - 1 change detected
2025-05-15 17:57:25,399 - INFO - 1 change detected
2025-05-15 17:57:25,808 - INFO - 1 change detected
